<?xml version="1.0" encoding="UTF-8"?>
<testsuite name="TestSuite" time="14.44" tests="22" errors="0" skipped="1" failures="3">
  <properties>
[...]
</properties>
  <testcase name="cadastrarPetComSucesso" classname="treinamentorestassured.DataDriven" time="0">
    <skipped/>
    <system-out><![CDATA[[TestNGContentHandler] [WARN] It is strongly recommended to add "<!DOCTYPE suite SYSTEM "https://testng.org/testng-1.0.dtd" >" at the top of your file, otherwise TestNG may fail or not work as expected.
]]></system-out>
    <system-err><![CDATA[java.io.FileNotFoundException: src/test/java/org/example/petDataCSV.csv (No such file or directory)
	at java.io.FileInputStream.open0(Native Method)
	at java.io.FileInputStream.open(FileInputStream.java:195)
	at java.io.FileInputStream.<init>(FileInputStream.java:138)
	at java.io.FileInputStream.<init>(FileInputStream.java:93)
	at java.io.FileReader.<init>(FileReader.java:58)
	at treinamentorestassured.Utils.csvProvider(Utils.java:35)
	at treinamentorestassured.DataDriven.petDataProviderCSV(DataDriven.java:44)
	at sun.reflect.NativeMethodAccessorImpl.invoke0(Native Method)
	at sun.reflect.NativeMethodAccessorImpl.invoke(NativeMethodAccessorImpl.java:62)
	at sun.reflect.DelegatingMethodAccessorImpl.invoke(DelegatingMethodAccessorImpl.java:43)
	at java.lang.reflect.Method.invoke(Method.java:498)
	at org.testng.internal.MethodInvocationHelper.invokeMethod(MethodInvocationHelper.java:134)
	at org.testng.internal.MethodInvocationHelper.invokeMethod(MethodInvocationHelper.java:78)
	at org.testng.internal.MethodInvocationHelper.invokeMethodNoCheckedException(MethodInvocationHelper.java:47)
	at org.testng.internal.MethodInvocationHelper.invokeDataProvider(MethodInvocationHelper.java:147)
	at org.testng.internal.Parameters.handleParameters(Parameters.java:801)
	at org.testng.internal.Parameters.handleParameters(Parameters.java:744)
	at org.testng.internal.ParameterHandler.handleParameters(ParameterHandler.java:59)
	at org.testng.internal.ParameterHandler.createParameters(ParameterHandler.java:38)
	at org.testng.internal.TestInvoker$MethodInvocationAgent.invoke(TestInvoker.java:783)
	at org.testng.internal.TestInvoker.invokeTestMethods(TestInvoker.java:146)
	at org.testng.internal.TestMethodWorker.invokeTestMethods(TestMethodWorker.java:146)
	at org.testng.internal.TestMethodWorker.run(TestMethodWorker.java:128)
	at java.util.ArrayList.forEach(ArrayList.java:1257)
	at org.testng.TestRunner.privateRun(TestRunner.java:766)
	at org.testng.TestRunner.run(TestRunner.java:587)
	at org.testng.SuiteRunner.runTest(SuiteRunner.java:384)
	at org.testng.SuiteRunner.runSequentially(SuiteRunner.java:378)
	at org.testng.SuiteRunner.privateRun(SuiteRunner.java:337)
	at org.testng.SuiteRunner.run(SuiteRunner.java:286)
	at org.testng.SuiteRunnerWorker.runSuite(SuiteRunnerWorker.java:53)
	at org.testng.SuiteRunnerWorker.run(SuiteRunnerWorker.java:96)
	at org.testng.TestNG.runSuitesSequentially(TestNG.java:1187)
	at org.testng.TestNG.runSuitesLocally(TestNG.java:1109)
	at org.testng.TestNG.runSuites(TestNG.java:1039)
	at org.testng.TestNG.run(TestNG.java:1007)
	at org.apache.maven.surefire.testng.TestNGExecutor.run(TestNGExecutor.java:178)
	at org.apache.maven.surefire.testng.TestNGXmlTestSuite.execute(TestNGXmlTestSuite.java:92)
	at org.apache.maven.surefire.testng.TestNGProvider.invoke(TestNGProvider.java:96)
	at sun.reflect.NativeMethodAccessorImpl.invoke0(Native Method)
	at sun.reflect.NativeMethodAccessorImpl.invoke(NativeMethodAccessorImpl.java:62)
	at sun.reflect.DelegatingMethodAccessorImpl.invoke(DelegatingMethodAccessorImpl.java:43)
	at java.lang.reflect.Method.invoke(Method.java:498)
	at org.apache.maven.surefire.util.ReflectionUtils.invokeMethodWithArray2(ReflectionUtils.java:208)
	at org.apache.maven.surefire.booter.ProviderFactory$ProviderProxy.invoke(ProviderFactory.java:159)
	at org.apache.maven.surefire.booter.ProviderFactory.invokeProvider(ProviderFactory.java:87)
	at org.apache.maven.surefire.booter.ForkedBooter.runSuitesInProcess(ForkedBooter.java:153)
	at org.apache.maven.surefire.booter.ForkedBooter.main(ForkedBooter.java:95)
[Utils] [ERROR] [Error] java.lang.NullPointerException
	at treinamentorestassured.Utils.csvProvider(Utils.java:41)
	at treinamentorestassured.DataDriven.petDataProviderCSV(DataDriven.java:44)
	at sun.reflect.NativeMethodAccessorImpl.invoke0(Native Method)
	at sun.reflect.NativeMethodAccessorImpl.invoke(NativeMethodAccessorImpl.java:62)
	at sun.reflect.DelegatingMethodAccessorImpl.invoke(DelegatingMethodAccessorImpl.java:43)
	at java.lang.reflect.Method.invoke(Method.java:498)
	at org.testng.internal.MethodInvocationHelper.invokeMethod(MethodInvocationHelper.java:134)
	at org.testng.internal.MethodInvocationHelper.invokeMethod(MethodInvocationHelper.java:78)
	at org.testng.internal.MethodInvocationHelper.invokeMethodNoCheckedException(MethodInvocationHelper.java:47)
	at org.testng.internal.MethodInvocationHelper.invokeDataProvider(MethodInvocationHelper.java:147)
	at org.testng.internal.Parameters.handleParameters(Parameters.java:801)
	at org.testng.internal.Parameters.handleParameters(Parameters.java:744)
	at org.testng.internal.ParameterHandler.handleParameters(ParameterHandler.java:59)
	at org.testng.internal.ParameterHandler.createParameters(ParameterHandler.java:38)
	at org.testng.internal.TestInvoker$MethodInvocationAgent.invoke(TestInvoker.java:783)
	at org.testng.internal.TestInvoker.invokeTestMethods(TestInvoker.java:146)
	at org.testng.internal.TestMethodWorker.invokeTestMethods(TestMethodWorker.java:146)
	at org.testng.internal.TestMethodWorker.run(TestMethodWorker.java:128)
	at java.util.ArrayList.forEach(ArrayList.java:1257)
	at org.testng.TestRunner.privateRun(TestRunner.java:766)
	at org.testng.TestRunner.run(TestRunner.java:587)
	at org.testng.SuiteRunner.runTest(SuiteRunner.java:384)
	at org.testng.SuiteRunner.runSequentially(SuiteRunner.java:378)
	at org.testng.SuiteRunner.privateRun(SuiteRunner.java:337)
	at org.testng.SuiteRunner.run(SuiteRunner.java:286)
	at org.testng.SuiteRunnerWorker.runSuite(SuiteRunnerWorker.java:53)
	at org.testng.SuiteRunnerWorker.run(SuiteRunnerWorker.java:96)
	at org.testng.TestNG.runSuitesSequentially(TestNG.java:1187)
	at org.testng.TestNG.runSuitesLocally(TestNG.java:1109)
	at org.testng.TestNG.runSuites(TestNG.java:1039)
	at org.testng.TestNG.run(TestNG.java:1007)
	at org.apache.maven.surefire.testng.TestNGExecutor.run(TestNGExecutor.java:178)
	at org.apache.maven.surefire.testng.TestNGXmlTestSuite.execute(TestNGXmlTestSuite.java:92)
	at org.apache.maven.surefire.testng.TestNGProvider.invoke(TestNGProvider.java:96)
	at sun.reflect.NativeMethodAccessorImpl.invoke0(Native Method)
	at sun.reflect.NativeMethodAccessorImpl.invoke(NativeMethodAccessorImpl.java:62)
	at sun.reflect.DelegatingMethodAccessorImpl.invoke(DelegatingMethodAccessorImpl.java:43)
	at java.lang.reflect.Method.invoke(Method.java:498)
	at org.apache.maven.surefire.util.ReflectionUtils.invokeMethodWithArray2(ReflectionUtils.java:208)
	at org.apache.maven.surefire.booter.ProviderFactory$ProviderProxy.invoke(ProviderFactory.java:159)
	at org.apache.maven.surefire.booter.ProviderFactory.invokeProvider(ProviderFactory.java:87)
	at org.apache.maven.surefire.booter.ForkedBooter.runSuitesInProcess(ForkedBooter.java:153)
	at org.apache.maven.surefire.booter.ForkedBooter.main(ForkedBooter.java:95)

]]></system-err>
  </testcase>
  <testcase name="cadastrarPetComSucesso1" classname="treinamentorestassured.DataDriven" time="1.712"/>
  <testcase name="cadastrarPetComSucesso1" classname="treinamentorestassured.DataDriven" time="0.466"/>
  <testcase name="cadastrarPetComSucesso1" classname="treinamentorestassured.DataDriven" time="1.581"/>
  <testcase name="cadastrarUserComSucesso" classname="treinamentorestassured.DataDriven" time="0.331"/>
  <testcase name="cadastrarUserComSucesso" classname="treinamentorestassured.DataDriven" time="0.336"/>
  <testcase name="cadastrarUserComSucesso" classname="treinamentorestassured.DataDriven" time="1.488"/>
  <testcase name="cadastrarUserComSucesso" classname="treinamentorestassured.DataDriven" time="0.346"/>
  <testcase name="AtualizarDadosPetExistenteComSucesso" classname="treinamentorestassured.Pratica" time="1.059"/>
  <testcase name="AtualizarDadosPetInexistente" classname="treinamentorestassured.Pratica" time="0.9">
    <failure message="1 expectation failed.&#10;JSON path id doesn&apos;t match.&#10;Expected: 2671912896705030996&#10;  Actual: 8815634192425333&#10;" type="java.lang.AssertionError">java.lang.AssertionError: 1 expectation failed.
JSON path id doesn't match.
Expected: 2671912896705030996
  Actual: 8815634192425333

	at sun.reflect.NativeConstructorAccessorImpl.newInstance0(Native Method)
	at sun.reflect.NativeConstructorAccessorImpl.newInstance(NativeConstructorAccessorImpl.java:62)
	at sun.reflect.DelegatingConstructorAccessorImpl.newInstance(DelegatingConstructorAccessorImpl.java:45)
	at java.lang.reflect.Constructor.newInstance(Constructor.java:423)
	at org.codehaus.groovy.reflection.CachedConstructor.invoke(CachedConstructor.java:72)
	at org.codehaus.groovy.reflection.CachedConstructor.doConstructorInvoke(CachedConstructor.java:59)
	at org.codehaus.groovy.runtime.callsite.ConstructorSite$ConstructorSiteNoUnwrap.callConstructor(ConstructorSite.java:84)
	at org.codehaus.groovy.runtime.callsite.CallSiteArray.defaultCallConstructor(CallSiteArray.java:59)
	at org.codehaus.groovy.runtime.callsite.AbstractCallSite.callConstructor(AbstractCallSite.java:263)
	at org.codehaus.groovy.runtime.callsite.AbstractCallSite.callConstructor(AbstractCallSite.java:277)
	at io.restassured.internal.ResponseSpecificationImpl$HamcrestAssertionClosure.validate(ResponseSpecificationImpl.groovy:493)
	at io.restassured.internal.ResponseSpecificationImpl$HamcrestAssertionClosure$validate$1.call(Unknown Source)
	at io.restassured.internal.ResponseSpecificationImpl.validateResponseIfRequired(ResponseSpecificationImpl.groovy:674)
	at sun.reflect.NativeMethodAccessorImpl.invoke0(Native Method)
	at sun.reflect.NativeMethodAccessorImpl.invoke(NativeMethodAccessorImpl.java:62)
	at sun.reflect.DelegatingMethodAccessorImpl.invoke(DelegatingMethodAccessorImpl.java:43)
	at java.lang.reflect.Method.invoke(Method.java:498)
	at org.codehaus.groovy.runtime.callsite.PlainObjectMetaMethodSite.doInvoke(PlainObjectMetaMethodSite.java:43)
	at org.codehaus.groovy.runtime.callsite.PogoMetaMethodSite$PogoCachedMethodSiteNoUnwrapNoCoerce.invoke(PogoMetaMethodSite.java:193)
	at org.codehaus.groovy.runtime.callsite.PogoMetaMethodSite.callCurrent(PogoMetaMethodSite.java:61)
	at org.codehaus.groovy.runtime.callsite.AbstractCallSite.callCurrent(AbstractCallSite.java:185)
	at io.restassured.internal.ResponseSpecificationImpl.body(ResponseSpecificationImpl.groovy:261)
	at io.restassured.specification.ResponseSpecification$body$3.callCurrent(Unknown Source)
	at io.restassured.internal.ResponseSpecificationImpl.body(ResponseSpecificationImpl.groovy:108)
	at io.restassured.internal.ValidatableResponseOptionsImpl.body(ValidatableResponseOptionsImpl.java:244)
	at io.restassured.internal.ValidatableResponseImpl.super$2$body(ValidatableResponseImpl.groovy)
	at sun.reflect.NativeMethodAccessorImpl.invoke0(Native Method)
	at sun.reflect.NativeMethodAccessorImpl.invoke(NativeMethodAccessorImpl.java:62)
	at sun.reflect.DelegatingMethodAccessorImpl.invoke(DelegatingMethodAccessorImpl.java:43)
	at java.lang.reflect.Method.invoke(Method.java:498)
	at org.codehaus.groovy.reflection.CachedMethod.invoke(CachedMethod.java:107)
	at groovy.lang.MetaMethod.doMethodInvoke(MetaMethod.java:323)
	at groovy.lang.MetaClassImpl.invokeMethod(MetaClassImpl.java:1262)
	at org.codehaus.groovy.runtime.ScriptBytecodeAdapter.invokeMethodOnSuperN(ScriptBytecodeAdapter.java:144)
	at io.restassured.internal.ValidatableResponseImpl.body(ValidatableResponseImpl.groovy:298)
	at io.restassured.internal.ValidatableResponseImpl.body(ValidatableResponseImpl.groovy)
	at treinamentorestassured.Pratica.AtualizarDadosPetInexistente(Pratica.java:124)
</failure>
    <system-out><![CDATA[Request method:	PUT
Request URI:	https://petstore.swagger.io/v2/pet
Proxy:			<none>
Request params:	<none>
Query params:	<none>
Form params:	<none>
Path params:	<none>
Headers:		Accept=*/*
				Content-Type=application/json; charset=UTF-8
Cookies:		<none>
Multiparts:		<none>
Body:
{
    
}

HTTP/1.1 200 OK
Access-Control-Allow-Headers: Content-Type, api_key, Authorization
Access-Control-Allow-Methods: GET, POST, DELETE, PUT
Access-Control-Allow-Origin: *
Content-Type: application/json
Date: Fri, 03 Jul 2020 18:00:17 GMT
Server: Jetty(9.2.9.v20150224)
transfer-encoding: chunked
Connection: keep-alive

{
    "id": 8815634192425333,
    "photoUrls": [
        
    ],
    "tags": [
        
    ]
}
]]></system-out>
  </testcase>
  <testcase name="CadastrarNovoPedidoPet" classname="treinamentorestassured.Pratica" time="0.897">
    <failure message="6 expectations failed.&#10;JSON path id doesn&apos;t match.&#10;Expected: &lt;99900&gt;&#10;  Actual: 9900&#10;&#10;JSON path pet.id doesn&apos;t match.&#10;Expected: &lt;9900&gt;&#10;  Actual: null&#10;&#10;JSON path quantity doesn&apos;t match.&#10;Expected: 1&#10;  Actual: 0&#10;&#10;JSON path shipDate doesn&apos;t match.&#10;Expected: 2020-07-01T01:42:16.953Z&#10;  Actual: null&#10;&#10;JSON path status doesn&apos;t match.&#10;Expected: placed&#10;  Actual: pending&#10;&#10;JSON path complete doesn&apos;t match.&#10;Expected: &lt;true&gt;&#10;  Actual: false&#10;" type="java.lang.AssertionError"><![CDATA[java.lang.AssertionError: 6 expectations failed.
JSON path id doesn't match.
Expected: <99900>
  Actual: 9900

JSON path pet.id doesn't match.
Expected: <9900>
  Actual: null

JSON path quantity doesn't match.
Expected: 1
  Actual: 0

JSON path shipDate doesn't match.
Expected: 2020-07-01T01:42:16.953Z
  Actual: null

JSON path status doesn't match.
Expected: placed
  Actual: pending

JSON path complete doesn't match.
Expected: <true>
  Actual: false

	at sun.reflect.NativeConstructorAccessorImpl.newInstance0(Native Method)
	at sun.reflect.NativeConstructorAccessorImpl.newInstance(NativeConstructorAccessorImpl.java:62)
	at sun.reflect.DelegatingConstructorAccessorImpl.newInstance(DelegatingConstructorAccessorImpl.java:45)
	at java.lang.reflect.Constructor.newInstance(Constructor.java:423)
	at org.codehaus.groovy.reflection.CachedConstructor.invoke(CachedConstructor.java:72)
	at org.codehaus.groovy.reflection.CachedConstructor.doConstructorInvoke(CachedConstructor.java:59)
	at org.codehaus.groovy.runtime.callsite.ConstructorSite$ConstructorSiteNoUnwrap.callConstructor(ConstructorSite.java:84)
	at org.codehaus.groovy.runtime.callsite.AbstractCallSite.callConstructor(AbstractCallSite.java:277)
	at io.restassured.internal.ResponseSpecificationImpl$HamcrestAssertionClosure.validate(ResponseSpecificationImpl.groovy:493)
	at io.restassured.internal.ResponseSpecificationImpl$HamcrestAssertionClosure$validate$1.call(Unknown Source)
	at io.restassured.internal.ResponseSpecificationImpl.validateResponseIfRequired(ResponseSpecificationImpl.groovy:674)
	at sun.reflect.NativeMethodAccessorImpl.invoke0(Native Method)
	at sun.reflect.NativeMethodAccessorImpl.invoke(NativeMethodAccessorImpl.java:62)
	at sun.reflect.DelegatingMethodAccessorImpl.invoke(DelegatingMethodAccessorImpl.java:43)
	at java.lang.reflect.Method.invoke(Method.java:498)
	at org.codehaus.groovy.runtime.callsite.PlainObjectMetaMethodSite.doInvoke(PlainObjectMetaMethodSite.java:43)
	at org.codehaus.groovy.runtime.callsite.PogoMetaMethodSite$PogoCachedMethodSiteNoUnwrapNoCoerce.invoke(PogoMetaMethodSite.java:193)
	at org.codehaus.groovy.runtime.callsite.PogoMetaMethodSite.callCurrent(PogoMetaMethodSite.java:61)
	at org.codehaus.groovy.runtime.callsite.AbstractCallSite.callCurrent(AbstractCallSite.java:185)
	at io.restassured.internal.ResponseSpecificationImpl.body(ResponseSpecificationImpl.groovy:261)
	at io.restassured.specification.ResponseSpecification$body$3.callCurrent(Unknown Source)
	at io.restassured.internal.ResponseSpecificationImpl.body(ResponseSpecificationImpl.groovy:108)
	at io.restassured.internal.ValidatableResponseOptionsImpl.body(ValidatableResponseOptionsImpl.java:244)
	at io.restassured.internal.ValidatableResponseImpl.super$2$body(ValidatableResponseImpl.groovy)
	at sun.reflect.NativeMethodAccessorImpl.invoke0(Native Method)
	at sun.reflect.NativeMethodAccessorImpl.invoke(NativeMethodAccessorImpl.java:62)
	at sun.reflect.DelegatingMethodAccessorImpl.invoke(DelegatingMethodAccessorImpl.java:43)
	at java.lang.reflect.Method.invoke(Method.java:498)
	at org.codehaus.groovy.reflection.CachedMethod.invoke(CachedMethod.java:107)
	at groovy.lang.MetaMethod.doMethodInvoke(MetaMethod.java:323)
	at groovy.lang.MetaClassImpl.invokeMethod(MetaClassImpl.java:1262)
	at org.codehaus.groovy.runtime.ScriptBytecodeAdapter.invokeMethodOnSuperN(ScriptBytecodeAdapter.java:144)
	at io.restassured.internal.ValidatableResponseImpl.body(ValidatableResponseImpl.groovy:298)
	at io.restassured.internal.ValidatableResponseImpl.body(ValidatableResponseImpl.groovy)
	at treinamentorestassured.Pratica.CadastrarNovoPedidoPet(Pratica.java:153)
]]></failure>
    <system-out><![CDATA[Request method:	POST
Request URI:	https://petstore.swagger.io/v2/store/order
Proxy:			<none>
Request params:	<none>
Query params:	<none>
Form params:	<none>
Path params:	<none>
Headers:		Accept=*/*
				Content-Type=application/json; charset=UTF-8
Cookies:		<none>
Multiparts:		<none>
Body:
{
    "photoUrls": [
        "http://fotosdeave.com.br/foto1.png",
        "http://fotodeave.com.br/foto2.png"
    ],
    "name": "Mordecai",
    "id": 9900,
    "category": {
        "name": "ave",
        "id": 900
    },
    "tags": [
        {
            "name": "Gaio-azul",
            "id": 90
        },
        {
            "name": "Azul",
            "id": 91
        }
    ],
    "status": "pending"
}

HTTP/1.1 200 OK
Access-Control-Allow-Headers: Content-Type, api_key, Authorization
Access-Control-Allow-Methods: GET, POST, DELETE, PUT
Access-Control-Allow-Origin: *
Content-Type: application/json
Date: Fri, 03 Jul 2020 18:00:18 GMT
Server: Jetty(9.2.9.v20150224)
transfer-encoding: chunked
Connection: keep-alive

{
    "id": 9900,
    "petId": 0,
    "quantity": 0,
    "status": "pending",
    "complete": false
}
]]></system-out>
  </testcase>
  <testcase name="RealizarRequisicaoMetodoInvalido" classname="treinamentorestassured.Pratica" time="0.844"/>
  <testcase name="pesquisarPetInexistente" classname="treinamentorestassured.Pratica" time="0.364"/>
  <testcase name="pesquisarPetsComStatusPending" classname="treinamentorestassured.Pratica" time="1.306">
    <failure message="1 expectation failed.&#10;JSON path status doesn&apos;t match.&#10;Expected: a collection containing map containing [&quot;status&quot;-&gt;&quot;pending&quot;]&#10;  Actual: [pending, pending, pending, pending, pending, pending, pending, pending, pending, pending, pending, pending, pending, pending, pending, pending, pending, pending, pending, pending, pending, pending, pending, pending, pending, pending, pending, pending, pending, pending, pending, pending, pending, pending, pending, pending, pending, pending, pending, pending, pending, pending, pending, pending, pending, pending, pending, pending, pending, pending, pending, pending, pending, pending, pending, pending, pending, pending, pending, pending, pending, pending, pending, pending, pending, pending, pending, pending, pending, pending, pending, pending, pending, pending, pending, pending, pending, pending, pending, pending, pending, pending, pending, pending, pending, pending, pending, pending, pending, pending, pending, pending, pending, pending, pending, pending, pending, pending, pending, pending, pending, pending, pending, pending, pending, pending, pending, pending, pending, pending, pending, pending, pending, pending, pending, pending, pending, pending, pending, pending, pending, pending, pending, pending, pending, pending, pending, pending, pending, pending, pending, pending, pending, pending, pending, pending, pending, pending, pending, pending, pending, pending, pending, pending, pending, pending, pending, pending, pending, pending, pending, pending, pending, pending, pending, pending, pending, pending, pending, pending, pending, pending, pending, pending, pending, pending, pending, pending, pending, pending, pending, pending, pending, pending, pending, pending, pending, pending, pending, pending, pending, pending]&#10;" type="java.lang.AssertionError">java.lang.AssertionError: 1 expectation failed.
JSON path status doesn't match.
Expected: a collection containing map containing ["status"->"pending"]
  Actual: [pending, pending, pending, pending, pending, pending, pending, pending, pending, pending, pending, pending, pending, pending, pending, pending, pending, pending, pending, pending, pending, pending, pending, pending, pending, pending, pending, pending, pending, pending, pending, pending, pending, pending, pending, pending, pending, pending, pending, pending, pending, pending, pending, pending, pending, pending, pending, pending, pending, pending, pending, pending, pending, pending, pending, pending, pending, pending, pending, pending, pending, pending, pending, pending, pending, pending, pending, pending, pending, pending, pending, pending, pending, pending, pending, pending, pending, pending, pending, pending, pending, pending, pending, pending, pending, pending, pending, pending, pending, pending, pending, pending, pending, pending, pending, pending, pending, pending, pending, pending, pending, pending, pending, pending, pending, pending, pending, pending, pending, pending, pending, pending, pending, pending, pending, pending, pending, pending, pending, pending, pending, pending, pending, pending, pending, pending, pending, pending, pending, pending, pending, pending, pending, pending, pending, pending, pending, pending, pending, pending, pending, pending, pending, pending, pending, pending, pending, pending, pending, pending, pending, pending, pending, pending, pending, pending, pending, pending, pending, pending, pending, pending, pending, pending, pending, pending, pending, pending, pending, pending, pending, pending, pending, pending, pending, pending, pending, pending, pending, pending, pending, pending]

	at sun.reflect.NativeConstructorAccessorImpl.newInstance0(Native Method)
	at sun.reflect.NativeConstructorAccessorImpl.newInstance(NativeConstructorAccessorImpl.java:62)
	at sun.reflect.DelegatingConstructorAccessorImpl.newInstance(DelegatingConstructorAccessorImpl.java:45)
	at java.lang.reflect.Constructor.newInstance(Constructor.java:423)
	at org.codehaus.groovy.reflection.CachedConstructor.invoke(CachedConstructor.java:72)
	at org.codehaus.groovy.reflection.CachedConstructor.doConstructorInvoke(CachedConstructor.java:59)
	at org.codehaus.groovy.runtime.callsite.ConstructorSite$ConstructorSiteNoUnwrap.callConstructor(ConstructorSite.java:84)
	at org.codehaus.groovy.runtime.callsite.AbstractCallSite.callConstructor(AbstractCallSite.java:277)
	at io.restassured.internal.ResponseSpecificationImpl$HamcrestAssertionClosure.validate(ResponseSpecificationImpl.groovy:493)
	at io.restassured.internal.ResponseSpecificationImpl$HamcrestAssertionClosure$validate$1.call(Unknown Source)
	at io.restassured.internal.ResponseSpecificationImpl.validateResponseIfRequired(ResponseSpecificationImpl.groovy:674)
	at sun.reflect.GeneratedMethodAccessor85.invoke(Unknown Source)
	at sun.reflect.DelegatingMethodAccessorImpl.invoke(DelegatingMethodAccessorImpl.java:43)
	at java.lang.reflect.Method.invoke(Method.java:498)
	at org.codehaus.groovy.runtime.callsite.PlainObjectMetaMethodSite.doInvoke(PlainObjectMetaMethodSite.java:43)
	at org.codehaus.groovy.runtime.callsite.PogoMetaMethodSite$PogoCachedMethodSiteNoUnwrapNoCoerce.invoke(PogoMetaMethodSite.java:193)
	at org.codehaus.groovy.runtime.callsite.PogoMetaMethodSite.callCurrent(PogoMetaMethodSite.java:61)
	at org.codehaus.groovy.runtime.callsite.AbstractCallSite.callCurrent(AbstractCallSite.java:185)
	at io.restassured.internal.ResponseSpecificationImpl.body(ResponseSpecificationImpl.groovy:261)
	at io.restassured.specification.ResponseSpecification$body$3.callCurrent(Unknown Source)
	at org.codehaus.groovy.runtime.callsite.CallSiteArray.defaultCallCurrent(CallSiteArray.java:51)
	at io.restassured.specification.ResponseSpecification$body$3.callCurrent(Unknown Source)
	at io.restassured.internal.ResponseSpecificationImpl.body(ResponseSpecificationImpl.groovy:108)
	at io.restassured.internal.ValidatableResponseOptionsImpl.body(ValidatableResponseOptionsImpl.java:244)
	at io.restassured.internal.ValidatableResponseImpl.super$2$body(ValidatableResponseImpl.groovy)
	at sun.reflect.NativeMethodAccessorImpl.invoke0(Native Method)
	at sun.reflect.NativeMethodAccessorImpl.invoke(NativeMethodAccessorImpl.java:62)
	at sun.reflect.DelegatingMethodAccessorImpl.invoke(DelegatingMethodAccessorImpl.java:43)
	at java.lang.reflect.Method.invoke(Method.java:498)
	at org.codehaus.groovy.reflection.CachedMethod.invoke(CachedMethod.java:107)
	at groovy.lang.MetaMethod.doMethodInvoke(MetaMethod.java:323)
	at groovy.lang.MetaClassImpl.invokeMethod(MetaClassImpl.java:1262)
	at org.codehaus.groovy.runtime.ScriptBytecodeAdapter.invokeMethodOnSuperN(ScriptBytecodeAdapter.java:144)
	at io.restassured.internal.ValidatableResponseImpl.body(ValidatableResponseImpl.groovy:298)
	at io.restassured.internal.ValidatableResponseImpl.body(ValidatableResponseImpl.groovy)
	at treinamentorestassured.Pratica.pesquisarPetsComStatusPending(Pratica.java:109)
</failure>
    <system-out><![CDATA[Request method:	GET
Request URI:	https://petstore.swagger.io/v2/pet/findByStatus?status=pending
Proxy:			<none>
Request params:	<none>
Query params:	status=pending
Form params:	<none>
Path params:	<none>
Headers:		Accept=*/*
				Content-Type=application/json; charset=UTF-8
Cookies:		<none>
Multiparts:		<none>
Body:			<none>

HTTP/1.1 200 OK
Access-Control-Allow-Headers: Content-Type, api_key, Authorization
Access-Control-Allow-Methods: GET, POST, DELETE, PUT
Access-Control-Allow-Origin: *
Content-Type: application/json
Date: Fri, 03 Jul 2020 18:00:20 GMT
Server: Jetty(9.2.9.v20150224)
transfer-encoding: chunked
Connection: keep-alive

[
    {
        "id": 839,
        "category": {
            "id": 395,
            "name": "c6DuXxcvMJcUaEeq"
        },
        "name": "doggie",
        "photoUrls": [
            "njjin8wNx3_wT_VG"
        ],
        "tags": [
            {
                "id": 20,
                "name": "TAxfV1Ayz9G0drjt"
            }
        ],
        "status": "pending"
    },
    {
        "id": 432,
        "category": {
            "id": 922,
            "name": "F06CqqGC01rICRvG"
        },
        "name": "doggie",
        "photoUrls": [
            "2uj8i8nqE4e0RaLC"
        ],
        "tags": [
            {
                "id": 177,
                "name": "v1v_DazUqNwwtQqS}"
            }
        ],
        "status": "pending"
    },
    {
        "id": 961,
        "category": {
            "id": 757,
            "name": "lEUnAJmF8OgK2iaa"
        },
        "name": "doggie",
        "photoUrls": [
            "2u5gOBw_YCZimHq2"
        ],
        "tags": [
            {
                "id": 864,
                "name": "QNVxCafGrrCaZt0F' AND 1 IN (SELECT BENCHMARK(8*15000000,MD5(CHAR(97))))-- "
            }
        ],
        "status": "pending"
    },
    {
        "id": 813,
        "category": {
            "id": 431,
            "name": "2jQ9W7c6achKjsBu"
        },
        "name": "doggie",
        "photoUrls": [
            "0RJZWmuDEbk2En15"
        ],
        "tags": [
            {
                "id": 773,
                "name": "WEB-INF/web.xml"
            }
        ],
        "status": "pending"
    },
    {
        "id": 794,
        "category": {
            "id": 1023,
            "name": "qxydS7DNkc8En2Kb"
        },
        "name": "doggie",
        "photoUrls": [
            "PE4aRQYDWnPquNqk"
        ],
        "tags": [
            {
                "id": 312,
                "name": "\r\nx-tinfoil-response-splitting: true"
            }
        ],
        "status": "pending"
    },
    {
        "id": 470,
        "category": {
            "id": 823,
            "name": "vw7zNfk9sY38szA3"
        },
        "name": "doggie",
        "photoUrls": [
            "gVdJYSlk8Q1CKcy5"
        ],
        "tags": [
            {
                "id": 387,
                "name": "WMfx2r4xU6suC2F2'=SLEEP(4)='"
            }
        ],
        "status": "pending"
    },
    {
        "id": 836,
        "category": {
            "id": 134,
            "name": "LQaAAouwKAxqDc1Y"
        },
        "name": "doggie",
        "photoUrls": [
            "JYv_MoUyxdhQ-S38"
        ],
        "tags": [
            {
                "id": 349,
                "name": "yM1q8t3iKVSlw5kD' AND 1 IN (SELECT BENCHMARK(2*15000000,MD5(CHAR(97))))-- "
            }
        ],
        "status": "pending"
    },
    {
        "id": 630,
        "category": {
            "id": 1004,
            "name": "TGix1cq-sTucH40X"
        },
        "name": "doggie",
        "photoUrls": [
            "zp2_R2Gl1Up0Ud_g"
        ],
        "tags": [
            {
                "id": 734,
                "name": "kEwOx5Fw8NWuo3Gs| sleep 2"
            }
        ],
        "status": "pending"
    },
    {
        "id": 310,
        "category": {
            "id": 754,
            "name": "7xgmOTnHKOFEJMC6"
        },
        "name": "doggie",
        "photoUrls": [
            "nnhHH5XVFA0301hE"
        ],
        "tags": [
            {
                "id": 496,
                "name": "ybhbwCoj5YBuxsHm') AND SLEEP(8)=0 LIMIT 1 -- "
            }
        ],
        "status": "pending"
    },
    {
        "id": 226,
        "category": {
            "id": 220,
            "name": "RFSW_nB-b7H3Yqry"
        },
        "name": "doggie",
        "photoUrls": [
            "vS2ohr_FGahwceaD"
        ],
        "tags": [
            {
                "id": 993,
                "name": "xsyLi-kmOmnGoX6L' WHERE SLEEP(8) LIMIT 1 # "
            }
        ],
        "status": "pending"
    },
    {
        "id": 575,
        "category": {
            "id": 702,
            "name": "4WB43ueKdgpE4u3C"
        },
        "name": "doggie",
        "photoUrls": [
            "otJbMLCvAg2ClkF6"
        ],
        "tags": [
            {
                "id": 338,
                "name": "SVICC6-at7MaUAju OR SLEEP(8)=0 LIMIT 1 # "
            }
        ],
        "status": "pending"
    },
    {
        "id": 654,
        "category": {
            "id": 393,
            "name": "wowjbHYz_O8fCKOZ"
        },
        "name": "doggie",
        "photoUrls": [
            "87WfuqQdfAtZ1qy_"
        ],
        "tags": [
            {
                "id": 624,
                "name": "dy1LJtjYGne_Ilfg)) AND SLEEP(2)=0 LIMIT 1 -- "
            }
        ],
        "status": "pending"
    },
    {
        "id": 738,
        "category": {
            "id": 721,
            "name": "KuI4tQgT9pI5Rqvj"
        },
        "name": "doggie",
        "photoUrls": [
            "ew621RZJfivL0-pz"
        ],
        "tags": [
            {
                "id": 104,
                "name": "RlBYernaCLz1SP0u& sleep 8"
            }
        ],
        "status": "pending"
    },
    {
        "id": 517,
        "category": {
            "id": 693,
            "name": "Bq7Nv2mTvKlBdIxi"
        },
        "name": "doggie",
        "photoUrls": [
            "I0JJRxn4jtPBxPji"
        ],
        "tags": [
            {
                "id": 599,
                "name": "YNBI2E3QlYS25SQl' OR SLEEP(2)=0 LIMIT 1 # "
            }
        ],
        "status": "pending"
    },
    {
        "id": 740,
        "category": {
            "id": 217,
            "name": "himCuGfMnMTHK6aQ"
        },
        "name": "doggie",
        "photoUrls": [
            "xAO95a1cqIUd2K_H"
        ],
        "tags": [
            {
                "id": 147,
                "name": "UZrRU7AIe7c2DZKo' OR SLEEP(4)=0 LIMIT 1 # "
            }
        ],
        "status": "pending"
    },
    {
        "id": 962,
        "category": {
            "id": 328,
            "name": "1rmVV9mB_u1hVeHH"
        },
        "name": "doggie",
        "photoUrls": [
            "bfNf6uT42giLpcrg"
        ],
        "tags": [
            {
                "id": 602,
                "name": "YTkM-VywRfckXCW6' AND SLEEP(2)=0 LIMIT 1 # "
            }
        ],
        "status": "pending"
    },
    {
        "id": 841,
        "category": {
            "id": 68,
            "name": "T9SiX7eRSiK-TdfR"
        },
        "name": "doggie",
        "photoUrls": [
            "bZzZln_oUE5_8adL"
        ],
        "tags": [
            {
                "id": 133,
                "name": "dLMG4_zCaUgi_ePf;select sleep(8);#"
            }
        ],
        "status": "pending"
    },
    {
        "id": 876,
        "category": {
            "id": 1017,
            "name": "jX6qm_MlvFOVKErE"
        },
        "name": "doggie",
        "photoUrls": [
            "mHl89NbBlsDY6igH"
        ],
        "tags": [
            {
                "id": 194,
                "name": "sJhRh3j18gWpUuOS) OR SLEEP(4)=0 LIMIT 1 # "
            }
        ],
        "status": "pending"
    },
    {
        "id": 398,
        "category": {
            "id": 247,
            "name": "QFcKHPAu2LwJ-eMu"
        },
        "name": "doggie",
        "photoUrls": [
            "xtOfG-sXBBKwQb_G"
        ],
        "tags": [
            {
                "id": 566,
                "name": "DTDKpReko68FZUaM=SLEEP(8)="
            }
        ],
        "status": "pending"
    },
    {
        "id": 971,
        "category": {
            "id": 595,
            "name": "dhhNWBbg-Fz8Io-r"
        },
        "name": "doggie",
        "photoUrls": [
            "w5pwvfm7FyFM_gQ9"
        ],
        "tags": [
            {
                "id": 15,
                "name": "lA9rD9ff3fnBeFxo AND SLEEP(2)=0 LIMIT 1 # "
            }
        ],
        "status": "pending"
    },
    {
        "id": 497,
        "category": {
            "id": 362,
            "name": "rOtL3uwOnlw4kVse"
        },
        "name": "doggie",
        "photoUrls": [
            "5ddfrn3K6bjQgHo-"
        ],
        "tags": [
            {
                "id": 727,
                "name": "GXu8QLwX-IkpE-S8) OR SLEEP(4)=0 LIMIT 1 -- "
            }
        ],
        "status": "pending"
    },
    {
        "id": 687,
        "category": {
            "id": 82,
            "name": "UWQIihaJ1C-nPU9q"
        },
        "name": "doggie",
        "photoUrls": [
            "OVgP8v4mWUKDmhK9"
        ],
        "tags": [
            {
                "id": 230,
                "name": "tBWljl5-ikhMekR8) AND SLEEP(2)=0 LIMIT 1 # "
            }
        ],
        "status": "pending"
    },
    {
        "id": 395,
        "category": {
            "id": 57,
            "name": "9Li38ZSB20n09VaN"
        },
        "name": "doggie",
        "photoUrls": [
            "7I911O47GdS5Vfzj"
        ],
        "tags": [
            {
                "id": 108,
                "name": "TJtPxfMYNG8iHWTS AND SLEEP(2)=0 LIMIT 1 -- "
            }
        ],
        "status": "pending"
    },
    {
        "id": 213,
        "category": {
            "id": 337,
            "name": "dw7dulsuTzaUT-E1"
        },
        "name": "doggie",
        "photoUrls": [
            "qvGbLFfqt_8eOGqe"
        ],
        "tags": [
            {
                "id": 515,
                "name": "hA3mwH1D-RnqivzN' AND SLEEP(2)=0 LIMIT 1 # "
            }
        ],
        "status": "pending"
    },
    {
        "id": 135,
        "category": {
            "id": 266,
            "name": "DUSCHLPKDLIlxiZ7"
        },
        "name": "doggie",
        "photoUrls": [
            "yhOpiz44MoGI9wvw"
        ],
        "tags": [
            {
                "id": 935,
                "name": "SOUASdZFha9N-YlC') OR SLEEP(8)=0 LIMIT 1 -- "
            }
        ],
        "status": "pending"
    },
    {
        "id": 72,
        "category": {
            "id": 142,
            "name": "ROax-D8oSwynCdAJ"
        },
        "name": "doggie",
        "photoUrls": [
            "ZMuDPsrNgWuL6qRr"
        ],
        "tags": [
            {
                "id": 114,
                "name": "sZc3uUffhiKSjC_v)) AND SLEEP(8)=0 LIMIT 1 # "
            }
        ],
        "status": "pending"
    },
    {
        "id": 802,
        "category": {
            "id": 149,
            "name": "sQCi5RPRDfL0Nh9c"
        },
        "name": "doggie",
        "photoUrls": [
            "MgNoaQixiOmo-gxl"
        ],
        "tags": [
            {
                "id": 706,
                "name": "nXmpJXjOluMahQeW) OR SLEEP(2)=0 LIMIT 1 -- "
            }
        ],
        "status": "pending"
    },
    {
        "id": 945,
        "category": {
            "id": 530,
            "name": "laf7EWuDt9v990_4"
        },
        "name": "doggie",
        "photoUrls": [
            "wetVQFoyoxjAK4is"
        ],
        "tags": [
            {
                "id": 134,
                "name": "9J7sQ-0qvfh1yl1C) OR SLEEP(8)=0 LIMIT 1 -- "
            }
        ],
        "status": "pending"
    },
    {
        "id": 56,
        "category": {
            "id": 712,
            "name": "QJsSDxp77rEPHNYR"
        },
        "name": "doggie",
        "photoUrls": [
            "kunrXOTPiMO7Fqnm"
        ],
        "tags": [
            {
                "id": 626,
                "name": "ARcur4dQwNUbs6s_)) OR SLEEP(4)=0 LIMIT 1 # "
            }
        ],
        "status": "pending"
    },
    {
        "id": 905,
        "category": {
            "id": 821,
            "name": "2jTOiOyLm2bBtKeT"
        },
        "name": "doggie",
        "photoUrls": [
            "bKic8GJVu_hBuy1k"
        ],
        "tags": [
            {
                "id": 920,
                "name": "mACDAUBqDTPFopmE'));WAITFOR DELAY '00:00:8'-- "
            }
        ],
        "status": "pending"
    },
    {
        "id": 1010,
        "category": {
            "id": 444,
            "name": "MdLJsl4-gQNXJ-ei"
        },
        "name": "doggie",
        "photoUrls": [
            "YcYfcfpk7lrBUrLr"
        ],
        "tags": [
            {
                "id": 413,
                "name": "TJykB5QAmxqXk63L') OR SLEEP(4)=0 LIMIT 1 # "
            }
        ],
        "status": "pending"
    },
    {
        "id": 933,
        "category": {
            "id": 687,
            "name": "Q3tUK_rzroc3ZUT8"
        },
        "name": "doggie",
        "photoUrls": [
            "XGS8qSMPUHTZvxzB"
        ],
        "tags": [
            {
                "id": 138,
                "name": "G8CVmTyn4DuLmpbL') OR SLEEP(2)=0 LIMIT 1 -- "
            }
        ],
        "status": "pending"
    },
    {
        "id": 293,
        "category": {
            "id": 399,
            "name": "57BH_kAHzUYZi-xm"
        },
        "name": "doggie",
        "photoUrls": [
            "vByAITJ1nxC5ppSz"
        ],
        "tags": [
            {
                "id": 566,
                "name": "PKWIQWCSHg2ZNW99 AND SLEEP(4)=0 LIMIT 1 -- "
            }
        ],
        "status": "pending"
    },
    {
        "id": 850,
        "category": {
            "id": 978,
            "name": "CuSWE4IcRVQYqUGy"
        },
        "name": "doggie",
        "photoUrls": [
            "0E_-LuJsikbfCmN6"
        ],
        "tags": [
            {
                "id": 916,
                "name": "AfGUt33rxezg3FX7' AND SLEEP(8)=0 LIMIT 1 # "
            }
        ],
        "status": "pending"
    },
    {
        "id": 942,
        "category": {
            "id": 501,
            "name": "KCl-C_jpc4uIYvtC"
        },
        "name": "doggie",
        "photoUrls": [
            "5CH0s8HyX-3hWnKv"
        ],
        "tags": [
            {
                "id": 10,
                "name": "OLWl34toUsvBl3sw) AND SLEEP(8)=0 LIMIT 1 -- "
            }
        ],
        "status": "pending"
    },
    {
        "id": 125,
        "category": {
            "id": 39,
            "name": "vcdV7vhgwqa_PGuA"
        },
        "name": "doggie",
        "photoUrls": [
            "dWEku12ln2gisCwe"
        ],
        "tags": [
            {
                "id": 178,
                "name": "yZ5L7kAc6iY2n8v7';WAITFOR DELAY '00:00:2'-- "
            }
        ],
        "status": "pending"
    },
    {
        "id": 350,
        "category": {
            "id": 691,
            "name": "FvvK5ceyeLzFEiOb"
        },
        "name": "doggie",
        "photoUrls": [
            "Ei1c9ChLPdlvfMs7"
        ],
        "tags": [
            {
                "id": 957,
                "name": "3zhrNiVro9Mk9soF') AND SLEEP(4)=0 LIMIT 1 -- "
            }
        ],
        "status": "pending"
    },
    {
        "id": 241,
        "category": {
            "id": 912,
            "name": "rd43gM39Ms72oGXk"
        },
        "name": "doggie",
        "photoUrls": [
            "cLnGxvtCuKulzHMB"
        ],
        "tags": [
            {
                "id": 658,
                "name": "k7fnH8-Scdk185MU');select pg_sleep(4); -- "
            }
        ],
        "status": "pending"
    },
    {
        "id": 93,
        "category": {
            "id": 479,
            "name": "Vjo49XbGV7jRDQaY"
        },
        "name": "doggie",
        "photoUrls": [
            "Co0K2oyiTVdinX5D"
        ],
        "tags": [
            {
                "id": 463,
                "name": "nn6TLdbuwxBOPOxz') OR SLEEP(8)=0 LIMIT 1 -- "
            }
        ],
        "status": "pending"
    },
    {
        "id": 483,
        "category": {
            "id": 811,
            "name": "bni7pzv9_osTH2_A"
        },
        "name": "doggie",
        "photoUrls": [
            "4UIqxclehjWCjapq"
        ],
        "tags": [
            {
                "id": 784,
                "name": "3PrH6l_Ur8ImF5o_ OR SLEEP(2)=0 LIMIT 1 # "
            }
        ],
        "status": "pending"
    },
    {
        "id": 448,
        "category": {
            "id": 732,
            "name": "rKkJ--T8Xs3WF0R5"
        },
        "name": "doggie",
        "photoUrls": [
            "sCwtQOLWz8x8ueHR"
        ],
        "tags": [
            {
                "id": 381,
                "name": "2x3usSAPRgvIIt5z=SLEEP(8)="
            }
        ],
        "status": "pending"
    },
    {
        "id": 138,
        "category": {
            "id": 835,
            "name": "MMh3YwO4NQ0H_UJl"
        },
        "name": "doggie",
        "photoUrls": [
            "GnB3cRM6Sn7OzP8y"
        ],
        "tags": [
            {
                "id": 359,
                "name": "-lhrBW9MVMPbNaNe'));WAITFOR DELAY '00:00:8'-- "
            }
        ],
        "status": "pending"
    },
    {
        "id": 591,
        "category": {
            "id": 276,
            "name": "xzQAbPUGsG5gvtA5"
        },
        "name": "doggie",
        "photoUrls": [
            "HohWQvpL1OeoCBxS"
        ],
        "tags": [
            {
                "id": 193,
                "name": "Syy236x2LQE873DY));select pg_sleep(4); -- "
            }
        ],
        "status": "pending"
    },
    {
        "id": 889,
        "category": {
            "id": 599,
            "name": "LFGxm_iOIWPbIxNr"
        },
        "name": "doggie",
        "photoUrls": [
            "QZs18X2C4ukyxUps"
        ],
        "tags": [
            {
                "id": 848,
                "name": "WNv18rGUZUqwE2oO));select pg_sleep(2); -- "
            }
        ],
        "status": "pending"
    },
    {
        "id": 61,
        "category": {
            "id": 843,
            "name": "XY22ldJ1yP9lsHql"
        },
        "name": "doggie",
        "photoUrls": [
            "1XpGeSGU2f_fyrh6"
        ],
        "tags": [
            {
                "id": 599,
                "name": "1Vx9TVEAqaCAwmIQ) OR SLEEP(2)=0 LIMIT 1 -- "
            }
        ],
        "status": "pending"
    },
    {
        "id": 254,
        "category": {
            "id": 810,
            "name": "xIj_Ax1rT-hn7900"
        },
        "name": "doggie",
        "photoUrls": [
            "vw_VYqTk0mF4Tu6x"
        ],
        "tags": [
            {
                "id": 650,
                "name": "dNvK78hQsqFx-75l') OR SLEEP(8)=0 LIMIT 1 # "
            }
        ],
        "status": "pending"
    },
    {
        "id": 272,
        "category": {
            "id": 946,
            "name": "sy_DBuPPkt3nntWX"
        },
        "name": "doggie",
        "photoUrls": [
            "U1F-p8mZaXuGtJpW"
        ],
        "tags": [
            {
                "id": 267,
                "name": "9-F9tT5LCcjxL-UA' AND SLEEP(8)=0 LIMIT 1 -- "
            }
        ],
        "status": "pending"
    },
    {
        "id": 650,
        "category": {
            "id": 1003,
            "name": "A7a7M90FD4UJaWGE"
        },
        "name": "doggie",
        "photoUrls": [
            "4crou6m9AWXIaCBd"
        ],
        "tags": [
            {
                "id": 441,
                "name": "1dZoN1MJPgqqUEjS;WAITFOR DELAY '00:00:4'-- "
            }
        ],
        "status": "pending"
    },
    {
        "id": 494,
        "category": {
            "id": 547,
            "name": "adL4mS4LUUJSNQyp"
        },
        "name": "doggie",
        "photoUrls": [
            "jOCAMyCgcClLJuMB"
        ],
        "tags": [
            {
                "id": 349,
                "name": "l9Xa28A3U02uNGx5');WAITFOR DELAY '00:00:2'-- "
            }
        ],
        "status": "pending"
    },
    {
        "id": 711,
        "category": {
            "id": 376,
            "name": "qKY2RHq2vr6r3l5T"
        },
        "name": "doggie",
        "photoUrls": [
            "9-0tBF9WEygqdfGs"
        ],
        "tags": [
            {
                "id": 568,
                "name": "dMW_Y8Jt-oqwrnZ4);select pg_sleep(4); -- "
            }
        ],
        "status": "pending"
    },
    {
        "id": 1015,
        "category": {
            "id": 385,
            "name": "whX_HTthcYnWhY0i"
        },
        "name": "doggie",
        "photoUrls": [
            "SxhC5OL47liz6fgI"
        ],
        "tags": [
            {
                "id": 104,
                "name": "BP_kgeBIuhZu5s6S';WAITFOR DELAY '00:00:4'-- "
            }
        ],
        "status": "pending"
    },
    {
        "id": 919,
        "category": {
            "id": 626,
            "name": "C5s5GdinOeY8GJa_"
        },
        "name": "doggie",
        "photoUrls": [
            "o_EgaXcnE8dC3-m1"
        ],
        "tags": [
            {
                "id": 754,
                "name": "UDoLRgqZeHI6A1Ve');WAITFOR DELAY '00:00:2'-- "
            }
        ],
        "status": "pending"
    },
    {
        "id": 521,
        "category": {
            "id": 842,
            "name": "C-p9SCaEXgJB-3UD"
        },
        "name": "doggie",
        "photoUrls": [
            "_baByXg5As8BVqHn"
        ],
        "tags": [
            {
                "id": 292,
                "name": "Zodcg6j-i_Qj8oi5` sleep 8`"
            }
        ],
        "status": "pending"
    },
    {
        "id": 1007,
        "category": {
            "id": 263,
            "name": "OaIyWp5MvXy7AIAl"
        },
        "name": "doggie",
        "photoUrls": [
            "X4_4YGNcRKXXNH_X"
        ],
        "tags": [
            {
                "id": 864,
                "name": "Q0uj9Vo_DCyToMFi sleep 8"
            }
        ],
        "status": "pending"
    },
    {
        "id": 767,
        "category": {
            "id": 683,
            "name": "OzQVYsbHiCzTnJ28"
        },
        "name": "doggie",
        "photoUrls": [
            "KSajVULo3tVPLpea"
        ],
        "tags": [
            {
                "id": 442,
                "name": "5wlrQG1F6qybIN_7') AND SLEEP(2)=0 LIMIT 1 # "
            }
        ],
        "status": "pending"
    },
    {
        "id": 891,
        "category": {
            "id": 345,
            "name": "hwetr9w43jMwYXse"
        },
        "name": "doggie",
        "photoUrls": [
            "9xuocIoqfuEJ8qbi"
        ],
        "tags": [
            {
                "id": 751,
                "name": "_SPGw0TD0yVrM3Tv') OR SLEEP(2)=0 LIMIT 1 # "
            }
        ],
        "status": "pending"
    },
    {
        "id": 193,
        "category": {
            "id": 976,
            "name": "I5EN5sXDna9vNWTS"
        },
        "name": "doggie",
        "photoUrls": [
            "fIRhYGhLHREJd9hy"
        ],
        "tags": [
            {
                "id": 793,
                "name": "NVw9JVi9UZDQfRdS' AND SLEEP(2)=0 LIMIT 1 -- "
            }
        ],
        "status": "pending"
    },
    {
        "id": 5069144327780399,
        "photoUrls": [
            "iqBVQ",
            "dX4y",
            "p",
            "HHdPXGm",
            "GoTrh"
        ],
        "tags": [
            
        ],
        "status": "pending"
    },
    {
        "id": 870,
        "category": {
            "id": 849,
            "name": "evIg6NzgQnd4Wb3l"
        },
        "name": "doggie",
        "photoUrls": [
            "tpQghxSiHRTIP3Ob"
        ],
        "tags": [
            {
                "id": 568,
                "name": "IZm-kIoZDOwe22--&& ping -n 8 localhost"
            }
        ],
        "status": "pending"
    },
    {
        "id": 955,
        "category": {
            "id": 361,
            "name": "5UrskdtMDC0h6KsG"
        },
        "name": "doggie",
        "photoUrls": [
            "3Dyi1MVZ92_unFsR"
        ],
        "tags": [
            {
                "id": 306,
                "name": "9UqabetE104F5xcZ& ping -n 8 localhost"
            }
        ],
        "status": "pending"
    },
    {
        "id": 372,
        "category": {
            "id": 216,
            "name": "iWptC17SpNDTmQ-E"
        },
        "name": "doggie",
        "photoUrls": [
            "0Q873_gaftrfUPEL"
        ],
        "tags": [
            {
                "id": 139,
                "name": "Td7VNyTX03GC0Iqv');WAITFOR DELAY '00:00:2'-- "
            }
        ],
        "status": "pending"
    },
    {
        "id": 91,
        "category": {
            "id": 285,
            "name": "HegWGXCfA5VMx1nL"
        },
        "name": "doggie",
        "photoUrls": [
            "pipeh0HlJcUsZeZz"
        ],
        "tags": [
            {
                "id": 47,
                "name": "LFANsoCo1t6tshI9 OR SLEEP(8)=0 LIMIT 1 -- "
            }
        ],
        "status": "pending"
    },
    {
        "id": 151,
        "category": {
            "id": 764,
            "name": "oppAEoc-YQQe4G44"
        },
        "name": "doggie",
        "photoUrls": [
            "DG1CXVx3BnPp7izz"
        ],
        "tags": [
            {
                "id": 366,
                "name": "In2aJf7l8D7WkzEK') AND SLEEP(4)=0 LIMIT 1 # "
            }
        ],
        "status": "pending"
    },
    {
        "id": 225,
        "category": {
            "id": 751,
            "name": "CJphuVDNJNfsDJsn"
        },
        "name": "doggie",
        "photoUrls": [
            "6DBncm3k8acJhYFg"
        ],
        "tags": [
            {
                "id": 417,
                "name": "PjbbKvfSkxnC9RgG' OR SLEEP(8)=0 LIMIT 1 -- "
            }
        ],
        "status": "pending"
    },
    {
        "id": 417,
        "category": {
            "id": 106,
            "name": "WnZjCSoXKjoEX9hf"
        },
        "name": "doggie",
        "photoUrls": [
            "xTSVgUgDs1pvnHVU"
        ],
        "tags": [
            {
                "id": 472,
                "name": "8ApjHcPrAcfaoOEn) OR SLEEP(8)=0 LIMIT 1 # "
            }
        ],
        "status": "pending"
    },
    {
        "id": 879,
        "category": {
            "id": 510,
            "name": "9NlAW9s-upIdyMRB"
        },
        "name": "doggie",
        "photoUrls": [
            "NMXNFH9QuKJkkweH"
        ],
        "tags": [
            {
                "id": 308,
                "name": "UoDuzczSlO_kbkmd=SLEEP(4)="
            }
        ],
        "status": "pending"
    },
    {
        "id": 419,
        "category": {
            "id": 263,
            "name": "BhIBXcYwFOeWoGId"
        },
        "name": "doggie",
        "photoUrls": [
            "Pxce8i5V5QicRG5b"
        ],
        "tags": [
            {
                "id": 709,
                "name": "lp61pYaZ7jQyBcLl'=SLEEP(4)='"
            }
        ],
        "status": "pending"
    },
    {
        "id": 167,
        "category": {
            "id": 817,
            "name": "sgzd4qq3Y72tP5Ho"
        },
        "name": "doggie",
        "photoUrls": [
            "bh-Mpsp-pFqGqT6R"
        ],
        "tags": [
            {
                "id": 456,
                "name": "vF7TperEk6oM-Swt'=SLEEP(4)='"
            }
        ],
        "status": "pending"
    },
    {
        "id": 75,
        "category": {
            "id": 223,
            "name": "U4IBEkm2Nv8bF56T"
        },
        "name": "doggie",
        "photoUrls": [
            "IvEt958jt5Kfr1lX"
        ],
        "tags": [
            {
                "id": 920,
                "name": "r4Loa4gRbxwsZ3tB WHERE SLEEP(2) LIMIT 1 # "
            }
        ],
        "status": "pending"
    },
    {
        "id": 102,
        "category": {
            "id": 340,
            "name": "A_uudvZLWndIW4r-"
        },
        "name": "doggie",
        "photoUrls": [
            "KOPuWVtgAcpvEAKn"
        ],
        "tags": [
            {
                "id": 968,
                "name": "ShCz3LS9rIP8q5q_` sleep 2`"
            }
        ],
        "status": "pending"
    },
    {
        "id": 778,
        "category": {
            "id": 17,
            "name": "-eyRuBLCLPP033Y9"
        },
        "name": "doggie",
        "photoUrls": [
            "biqbM-Ji79v_TjXW"
        ],
        "tags": [
            {
                "id": 64,
                "name": "-QmWq8OXs5H1ma4N') OR SLEEP(4)=0 LIMIT 1 # "
            }
        ],
        "status": "pending"
    },
    {
        "id": 383,
        "category": {
            "id": 32,
            "name": "-eIMacTm6qM84xXr"
        },
        "name": "doggie",
        "photoUrls": [
            "WrlmyuRhGVTnfKxU"
        ],
        "tags": [
            {
                "id": 753,
                "name": "ke1NAbmmrB3QKNyv') OR SLEEP(4)=0 LIMIT 1 # "
            }
        ],
        "status": "pending"
    },
    {
        "id": 680,
        "category": {
            "id": 684,
            "name": "LULdnqD0_O2Bm5SV"
        },
        "name": "doggie",
        "photoUrls": [
            "wL63Cz6-hap_L_oS"
        ],
        "tags": [
            {
                "id": 313,
                "name": "1ISD-qis0Jfu9I0w AND SLEEP(2)=0 LIMIT 1 # "
            }
        ],
        "status": "pending"
    },
    {
        "id": 165,
        "category": {
            "id": 352,
            "name": "_NIpdKWJOc0oysyA"
        },
        "name": "doggie",
        "photoUrls": [
            "6QL5_izejSj3aaCc"
        ],
        "tags": [
            {
                "id": 727,
                "name": "lOaVcncUC35XXRcy AND SLEEP(8)=0 LIMIT 1 # "
            }
        ],
        "status": "pending"
    },
    {
        "id": 46,
        "category": {
            "id": 435,
            "name": "VpLdzjjzBngt_vlJ"
        },
        "name": "doggie",
        "photoUrls": [
            "MhQp_FF5Tq3eujN-"
        ],
        "tags": [
            {
                "id": 94,
                "name": "-JJ3GB0pr1ENPTLX) AND SLEEP(4)=0 LIMIT 1 # "
            }
        ],
        "status": "pending"
    },
    {
        "id": 175,
        "category": {
            "id": 234,
            "name": "AX2_-FV9UddrDAmC"
        },
        "name": "doggie",
        "photoUrls": [
            "MLcewWIatICaNi35"
        ],
        "tags": [
            {
                "id": 323,
                "name": "TZljC6AKlezomq29' AND SLEEP(4)=0 LIMIT 1 # "
            }
        ],
        "status": "pending"
    },
    {
        "id": 54,
        "category": {
            "id": 406,
            "name": "Jo4xSOwwuIFuQZo-"
        },
        "name": "doggie",
        "photoUrls": [
            "uWqmNdEbc-2mYShR"
        ],
        "tags": [
            {
                "id": 420,
                "name": "n8imqO7q-vvQ4eE3 AND SLEEP(2)=0 LIMIT 1 # "
            }
        ],
        "status": "pending"
    },
    {
        "id": 546,
        "category": {
            "id": 318,
            "name": "n93qt8NZK3NpZ2uy"
        },
        "name": "doggie",
        "photoUrls": [
            "dgECRqHERIGCh48X"
        ],
        "tags": [
            {
                "id": 468,
                "name": "lWdP8Z6cPNJcWnld)) AND SLEEP(2)=0 LIMIT 1 # "
            }
        ],
        "status": "pending"
    },
    {
        "id": 751,
        "category": {
            "id": 128,
            "name": "jEnO-ikuXhdwa972"
        },
        "name": "doggie",
        "photoUrls": [
            "d483QovanpdqGyfw"
        ],
        "tags": [
            {
                "id": 946,
                "name": "Xmkbs6Kf5o3-IGrY);WAITFOR DELAY '00:00:8'-- "
            }
        ],
        "status": "pending"
    },
    {
        "id": 266,
        "category": {
            "id": 99,
            "name": "SuEWS6EBGSuEGCZh"
        },
        "name": "doggie",
        "photoUrls": [
            "LUeOG5KzBRfM_m57"
        ],
        "tags": [
            {
                "id": 1021,
                "name": "7giBI2tVYR9M2J3L;select sleep(2);#"
            }
        ],
        "status": "pending"
    },
    {
        "id": 214,
        "category": {
            "id": 587,
            "name": "JZCYye4b9lbiTQCq"
        },
        "name": "doggie",
        "photoUrls": [
            "Etx3JkjQTZJTRqqE"
        ],
        "tags": [
            {
                "id": 487,
                "name": "hc8BBioJjQSnfcOO OR SLEEP(4)=0 LIMIT 1 -- "
            }
        ],
        "status": "pending"
    },
    {
        "id": 65,
        "category": {
            "id": 823,
            "name": "Vp8rkB9NjVuUOgOG"
        },
        "name": "doggie",
        "photoUrls": [
            "kwQwisysmUXs8I1i"
        ],
        "tags": [
            {
                "id": 673,
                "name": "Oi7VPOHroNFZIGCF&& sleep 8"
            }
        ],
        "status": "pending"
    },
    {
        "id": 758,
        "category": {
            "id": 241,
            "name": "gW4UkWLkZbe39hqZ"
        },
        "name": "doggie",
        "photoUrls": [
            "AC6WZYxME9dG6e04"
        ],
        "tags": [
            {
                "id": 338,
                "name": "9ILmOSbFbXCLKT4s') OR SLEEP(4)=0 LIMIT 1 -- "
            }
        ],
        "status": "pending"
    },
    {
        "id": 392,
        "category": {
            "id": 23,
            "name": "8As-B2FkN5KiZfVg"
        },
        "name": "doggie",
        "photoUrls": [
            "4F-anWEYVxuFxAdM"
        ],
        "tags": [
            {
                "id": 859,
                "name": "ZoAOpRHEfXdm60Ij' WHERE SLEEP(8) LIMIT 1 # "
            }
        ],
        "status": "pending"
    },
    {
        "id": 352,
        "category": {
            "id": 426,
            "name": "31et2NWq-d47KtN7"
        },
        "name": "doggie",
        "photoUrls": [
            "XkK2fctdvtsc-WbC"
        ],
        "tags": [
            {
                "id": 12,
                "name": "Px-_GdtWYqF9S88r` sleep 8`"
            }
        ],
        "status": "pending"
    },
    {
        "id": 210,
        "category": {
            "id": 279,
            "name": "Vyg5KcCPGa8NxTfb"
        },
        "name": "doggie",
        "photoUrls": [
            "Rxyh2e7kL8A4L54M"
        ],
        "tags": [
            {
                "id": 505,
                "name": "vQMRpFFCCTKHFhdm' OR SLEEP(2)=0 LIMIT 1 -- "
            }
        ],
        "status": "pending"
    },
    {
        "id": 940,
        "category": {
            "id": 204,
            "name": "4lob2kqjzn-fUVem"
        },
        "name": "doggie",
        "photoUrls": [
            "7JZZZJEqJr3B2i1Q"
        ],
        "tags": [
            {
                "id": 913,
                "name": "NkOxFbMMOvUOXefO)) OR SLEEP(2)=0 LIMIT 1 -- "
            }
        ],
        "status": "pending"
    },
    {
        "id": 74,
        "category": {
            "id": 990,
            "name": "tbr16IN8Lx0NrxY3"
        },
        "name": "doggie",
        "photoUrls": [
            "KPLuaCOOVlnuM-wl"
        ],
        "tags": [
            {
                "id": 358,
                "name": "p0X2sZ1qh2e0VZKe AND SLEEP(2)=0 LIMIT 1 -- "
            }
        ],
        "status": "pending"
    },
    {
        "id": 629,
        "category": {
            "id": 510,
            "name": "UDJOnWc85fK_41UC"
        },
        "name": "doggie",
        "photoUrls": [
            "46jq96gFnY8Fv0Hz"
        ],
        "tags": [
            {
                "id": 254,
                "name": "RjU00Mfjnq3dLgzN AND SLEEP(8)=0 LIMIT 1 -- "
            }
        ],
        "status": "pending"
    },
    {
        "id": 420,
        "category": {
            "id": 591,
            "name": "346zAjAeRDs2TMPq"
        },
        "name": "doggie",
        "photoUrls": [
            "KQiXV6u6EGNpT2iQ"
        ],
        "tags": [
            {
                "id": 204,
                "name": "uHGI0nALnhUCgmhD AND SLEEP(4)=0 LIMIT 1 -- "
            }
        ],
        "status": "pending"
    },
    {
        "id": 368,
        "category": {
            "id": 971,
            "name": "zd9yTWTp6FUGEU3R"
        },
        "name": "doggie",
        "photoUrls": [
            "MCW2P0Lj-6U2unMY"
        ],
        "tags": [
            {
                "id": 100,
                "name": "VVc2yphRh7SMogyu) AND SLEEP(2)=0 LIMIT 1 -- "
            }
        ],
        "status": "pending"
    },
    {
        "id": 729,
        "category": {
            "id": 747,
            "name": "keO_Jk0RwjBF8mhD"
        },
        "name": "doggie",
        "photoUrls": [
            "nbYRlUcPeCqiHzK5"
        ],
        "tags": [
            {
                "id": 995,
                "name": "JSDYHVYVpP1N34fL` ping -n 8 localhost`"
            }
        ],
        "status": "pending"
    },
    {
        "id": 659,
        "category": {
            "id": 328,
            "name": "Jia94mq-NXsX3MkJ"
        },
        "name": "doggie",
        "photoUrls": [
            "e1h4kGcaSFplZ2Xj"
        ],
        "tags": [
            {
                "id": 856,
                "name": "nJQGQ-aqAWYlWveF') AND SLEEP(2)=0 LIMIT 1 -- "
            }
        ],
        "status": "pending"
    },
    {
        "id": 896,
        "category": {
            "id": 592,
            "name": "OUDJ3tYz40M-JO9c"
        },
        "name": "doggie",
        "photoUrls": [
            "UVdgvkW09yYyGOZX"
        ],
        "tags": [
            {
                "id": 516,
                "name": "UCQ2XdwW7X9nIJee' AND SLEEP(2)=0 LIMIT 1 -- "
            }
        ],
        "status": "pending"
    },
    {
        "id": 510,
        "category": {
            "id": 880,
            "name": "WBxWypW_qzp9eTMa"
        },
        "name": "doggie",
        "photoUrls": [
            "8H3EqaOCK0M1MR-b"
        ],
        "tags": [
            {
                "id": 171,
                "name": "wZckgo8UalqjriSu') OR SLEEP(2)=0 LIMIT 1 -- "
            }
        ],
        "status": "pending"
    },
    {
        "id": 19,
        "category": {
            "id": 105,
            "name": "LjEibLxq-eedBlz7"
        },
        "name": "doggie",
        "photoUrls": [
            "vCkC2ZE2ZzZOJYij"
        ],
        "tags": [
            {
                "id": 33,
                "name": "_C3XDZMo5DuuqkUf' AND 1 IN (SELECT BENCHMARK(2*15000000,MD5(CHAR(97))))-- "
            }
        ],
        "status": "pending"
    },
    {
        "id": 733,
        "category": {
            "id": 1023,
            "name": "S9gXxiI7_3XiQTmg"
        },
        "name": "doggie",
        "photoUrls": [
            "ardl_4Tw_lxWpecj"
        ],
        "tags": [
            {
                "id": 443,
                "name": "lrdBsOcDJVZdJbIG';WAITFOR DELAY '00:00:8'-- "
            }
        ],
        "status": "pending"
    },
    {
        "id": 217,
        "category": {
            "id": 7,
            "name": "mknhMz8DP_y_mv17"
        },
        "name": "doggie",
        "photoUrls": [
            "2DOtRE1f4e4xJ2Aa"
        ],
        "tags": [
            {
                "id": 58,
                "name": "LCcS_piMf8BgeV6z);WAITFOR DELAY '00:00:2'-- "
            }
        ],
        "status": "pending"
    },
    {
        "id": 458,
        "category": {
            "id": 810,
            "name": "fQFdsjROetHrQOvi"
        },
        "name": "doggie",
        "photoUrls": [
            "ysaFnkOeqrN52nHy"
        ],
        "tags": [
            {
                "id": 116,
                "name": "0lkoRYjxpOa-gUR6';WAITFOR DELAY '00:00:2'-- "
            }
        ],
        "status": "pending"
    },
    {
        "id": 485,
        "category": {
            "id": 180,
            "name": "AjqM1ILt7xitwZ3Q"
        },
        "name": "doggie",
        "photoUrls": [
            "Uz2LMLMyAp9zYxBJ"
        ],
        "tags": [
            {
                "id": 861,
                "name": "9QI9EHAhokCwNg6r&& ping -n 4 localhost"
            }
        ],
        "status": "pending"
    },
    {
        "id": 486,
        "category": {
            "id": 377,
            "name": "dxWpSZLINNu1TYA6"
        },
        "name": "doggie",
        "photoUrls": [
            "iVQa5jh7Lvm4Hrfc"
        ],
        "tags": [
            {
                "id": 316,
                "name": "HKDlVARbwUu48QyW)"
            }
        ],
        "status": "pending"
    },
    {
        "id": 337,
        "category": {
            "id": 705,
            "name": "0nsPQOCxin3mYZzG"
        },
        "name": "doggie",
        "photoUrls": [
            "DiCYwwyPvzHUMOQ6"
        ],
        "tags": [
            {
                "id": 1001,
                "name": "xda6MxdfMswQqCxC"
            }
        ],
        "status": "pending"
    },
    {
        "id": 603,
        "category": {
            "id": 352,
            "name": "Vb0a3reaD6kbwg_8"
        },
        "name": "doggie",
        "photoUrls": [
            "k1TsP4-j7ibWesIT"
        ],
        "tags": [
            {
                "id": 460,
                "name": "IaSGBrw6p3PXK3EV"
            }
        ],
        "status": "pending"
    },
    {
        "id": 866,
        "category": {
            "id": 1022,
            "name": "HjlZeMmxjjnrNPR_"
        },
        "name": "doggie",
        "photoUrls": [
            "29gvW6RCqSAJm47a"
        ],
        "tags": [
            {
                "id": 829,
                "name": "lAqXimGv6haE3JfX sleep 2"
            }
        ],
        "status": "pending"
    },
    {
        "id": 221,
        "category": {
            "id": 51,
            "name": "5MJIouIr4yyws80h"
        },
        "name": "doggie",
        "photoUrls": [
            "u9awHOy2a_ueBtiH"
        ],
        "tags": [
            {
                "id": 367,
                "name": "Ge-p9Oi5DI4yfv9Y&& sleep 4"
            }
        ],
        "status": "pending"
    },
    {
        "id": 549,
        "category": {
            "id": 818,
            "name": "cKxSxDFKC8mp-X-L"
        },
        "name": "doggie",
        "photoUrls": [
            "dmZxlwyNYtgEmuYg"
        ],
        "tags": [
            {
                "id": 256,
                "name": "yjmXW4sNweAwH-rO` ping -n 4 localhost`"
            }
        ],
        "status": "pending"
    },
    {
        "id": 877,
        "category": {
            "id": 517,
            "name": "2coVi6XUTj-f1dGn"
        },
        "name": "doggie",
        "photoUrls": [
            "myZ-ki3PNESlj0lk"
        ],
        "tags": [
            {
                "id": 605,
                "name": "WA9fKFINFOgQhFlG AND 1 IN (SELECT BENCHMARK(8*15000000,MD5(CHAR(97))))-- "
            }
        ],
        "status": "pending"
    },
    {
        "id": 320,
        "category": {
            "id": 712,
            "name": "VX9TBpPe8t8yf8ty"
        },
        "name": "doggie",
        "photoUrls": [
            "RCJjoETzPMXBGTZl"
        ],
        "tags": [
            {
                "id": 907,
                "name": "zpi2QKqrLq5owOvY' AND 1 IN (SELECT BENCHMARK(8*15000000,MD5(CHAR(97))))-- "
            }
        ],
        "status": "pending"
    },
    {
        "id": 645,
        "category": {
            "id": 54,
            "name": "VvuhHOzBO-7ats7p"
        },
        "name": "doggie",
        "photoUrls": [
            "a81x0Km7es-UO_PY"
        ],
        "tags": [
            {
                "id": 410,
                "name": "AjNyhBPbJiLWoNH1' AND 1 IN (SELECT BENCHMARK(4*15000000,MD5(CHAR(97))))-- "
            }
        ],
        "status": "pending"
    },
    {
        "id": 340,
        "category": {
            "id": 356,
            "name": "yhwa1yHEYjaLfc_r"
        },
        "name": "doggie",
        "photoUrls": [
            "zlCO27KNJM7qxKJ_"
        ],
        "tags": [
            {
                "id": 63,
                "name": "2vrfmcQmPx38YRjx'=SLEEP(8)='"
            }
        ],
        "status": "pending"
    },
    {
        "id": 665,
        "category": {
            "id": 573,
            "name": "NnYziNv_uxIPnQ6b"
        },
        "name": "doggie",
        "photoUrls": [
            "cyLrErb-TpUALZqK"
        ],
        "tags": [
            {
                "id": 861,
                "name": "YeBgrmhs0LnkFega'=SLEEP(2)='"
            }
        ],
        "status": "pending"
    },
    {
        "id": 707,
        "category": {
            "id": 882,
            "name": "DZb6AOkRUznIOTaw"
        },
        "name": "doggie",
        "photoUrls": [
            "vOMT5ZoXK55Vubed"
        ],
        "tags": [
            {
                "id": 947,
                "name": "0opvwjyfkNriUu4F)) AND SLEEP(2)=0 LIMIT 1 # "
            }
        ],
        "status": "pending"
    },
    {
        "id": 642,
        "category": {
            "id": 63,
            "name": "th9-6PqnW919N7bz"
        },
        "name": "doggie",
        "photoUrls": [
            "xys47e5ge28ruxfv"
        ],
        "tags": [
            {
                "id": 449,
                "name": "N2ZW3XbvBSbeZ7kV' WHERE SLEEP(8) LIMIT 1 # "
            }
        ],
        "status": "pending"
    },
    {
        "id": 325,
        "category": {
            "id": 46,
            "name": "SYYNLLEE8qnXE5Gu"
        },
        "name": "doggie",
        "photoUrls": [
            "tXIs5tW5la_RbGzc"
        ],
        "tags": [
            {
                "id": 873,
                "name": "BVKJ3OaM71bZcozb'=SLEEP(2)='"
            }
        ],
        "status": "pending"
    },
    {
        "id": 697,
        "category": {
            "id": 447,
            "name": "ImoUVqvEbJy_T5nf"
        },
        "name": "doggie",
        "photoUrls": [
            "4_VqbEVv3QSi6wlb"
        ],
        "tags": [
            {
                "id": 645,
                "name": "u33qo-Y5S7ZsAi-- AND SLEEP(8)=0 LIMIT 1 # "
            }
        ],
        "status": "pending"
    },
    {
        "id": 237,
        "category": {
            "id": 926,
            "name": "WQKyCEdSniyblMin"
        },
        "name": "doggie",
        "photoUrls": [
            "WC2KHBSdo_vi_HFW"
        ],
        "tags": [
            {
                "id": 359,
                "name": "vmwEjX2iQRUrGHAU AND SLEEP(4)=0 LIMIT 1 # "
            }
        ],
        "status": "pending"
    },
    {
        "id": 263,
        "category": {
            "id": 516,
            "name": "R-LxWlz_kcB4uMoC"
        },
        "name": "doggie",
        "photoUrls": [
            "kB50BevsIvriNH7L"
        ],
        "tags": [
            {
                "id": 691,
                "name": "FUf1UvkwXi9O0IYQ; ping -n 4 localhost"
            }
        ],
        "status": "pending"
    },
    {
        "id": 764,
        "category": {
            "id": 514,
            "name": "PmcZq89Ewu7rs8Lj"
        },
        "name": "doggie",
        "photoUrls": [
            "9s_eA4SsVLNlSZwG"
        ],
        "tags": [
            {
                "id": 391,
                "name": "5M3EMfkLulGUhXGr' AND SLEEP(2)=0 LIMIT 1 # "
            }
        ],
        "status": "pending"
    },
    {
        "id": 81,
        "category": {
            "id": 853,
            "name": "xrlxcA-g5mrCLsYh"
        },
        "name": "doggie",
        "photoUrls": [
            "jbDxxtsrEc0hiIVx"
        ],
        "tags": [
            {
                "id": 240,
                "name": "-sFmDqz7vNftJA95') AND SLEEP(2)=0 LIMIT 1 # "
            }
        ],
        "status": "pending"
    },
    {
        "id": 327,
        "category": {
            "id": 745,
            "name": "XrMa53N1cS-4M7Lt"
        },
        "name": "doggie",
        "photoUrls": [
            "YhX3ikVWCvSxWTYk"
        ],
        "tags": [
            {
                "id": 640,
                "name": "KA2jLx6zCBqj9diW;select sleep(2);#"
            }
        ],
        "status": "pending"
    },
    {
        "id": 224,
        "category": {
            "id": 76,
            "name": "V51TPoeGwohTRBI1"
        },
        "name": "doggie",
        "photoUrls": [
            "6am_xX1_kQS1glWi"
        ],
        "tags": [
            {
                "id": 395,
                "name": "0zvw-rrPySKnQmdf) OR SLEEP(2)=0 LIMIT 1 -- "
            }
        ],
        "status": "pending"
    },
    {
        "id": 257,
        "category": {
            "id": 641,
            "name": "uEVy5tesV_31bi7r"
        },
        "name": "doggie",
        "photoUrls": [
            "Y7hajOLvKt8rgpFo"
        ],
        "tags": [
            {
                "id": 68,
                "name": "wXVVP5PB9MTk6iho&& ping -n 2 localhost"
            }
        ],
        "status": "pending"
    },
    {
        "id": 975,
        "category": {
            "id": 518,
            "name": "nN43Vzp-UNsEnPOp"
        },
        "name": "doggie",
        "photoUrls": [
            "mG_QImUL1XtKWdCS"
        ],
        "tags": [
            {
                "id": 961,
                "name": "OwEE4k0qLgN-5su7';WAITFOR DELAY '00:00:4'-- "
            }
        ],
        "status": "pending"
    },
    {
        "id": 734,
        "category": {
            "id": 642,
            "name": "8Clm9nvIPNBYTJ4O"
        },
        "name": "doggie",
        "photoUrls": [
            "lK-W0w54M1YnZ-Ei"
        ],
        "tags": [
            {
                "id": 619,
                "name": "FMCV-cevDaX0S0hD AND SLEEP(4)=0 LIMIT 1 -- "
            }
        ],
        "status": "pending"
    },
    {
        "id": 480,
        "category": {
            "id": 1017,
            "name": "aFxg_uGyp-npRYfC"
        },
        "name": "doggie",
        "photoUrls": [
            "NTJ2-vPIafsjWW8r"
        ],
        "tags": [
            {
                "id": 296,
                "name": "RkR42QdUv-vnqeUW' AND SLEEP(8)=0 LIMIT 1 -- "
            }
        ],
        "status": "pending"
    },
    {
        "id": 878,
        "category": {
            "id": 537,
            "name": "MZbV3UT4K3w0ENd_"
        },
        "name": "doggie",
        "photoUrls": [
            "mz9X2pYiuxbt3aS5"
        ],
        "tags": [
            {
                "id": 922,
                "name": "p5EFEKFGr9kqJJLY') AND SLEEP(8)=0 LIMIT 1 -- "
            }
        ],
        "status": "pending"
    },
    {
        "id": 218,
        "category": {
            "id": 881,
            "name": "YPNQlQQstdKDQ_NY"
        },
        "name": "doggie",
        "photoUrls": [
            "k3S37BgbxRLrBsc9"
        ],
        "tags": [
            {
                "id": 719,
                "name": "zlIVhWZu61En2ap-;select pg_sleep(8); -- "
            }
        ],
        "status": "pending"
    },
    {
        "id": 656,
        "category": {
            "id": 576,
            "name": "u_8STUuAliGFDCH7"
        },
        "name": "doggie",
        "photoUrls": [
            "n36d-TXIBij-1pFv"
        ],
        "tags": [
            {
                "id": 638,
                "name": "Ny7pi4V-1qpwxzfe'));select pg_sleep(2); -- "
            }
        ],
        "status": "pending"
    },
    {
        "id": 78,
        "category": {
            "id": 766,
            "name": "L5xdlS1vp9ih78Cu"
        },
        "name": "doggie",
        "photoUrls": [
            "JJKxlMWJtFA1fdi3"
        ],
        "tags": [
            {
                "id": 751,
                "name": "0qb--9f5gmSND56U; sleep 8"
            }
        ],
        "status": "pending"
    },
    {
        "id": 584,
        "category": {
            "id": 547,
            "name": "L1OpQsnMECJQeoHE"
        },
        "name": "doggie",
        "photoUrls": [
            "hLNoUXaa01vbxQZ8"
        ],
        "tags": [
            {
                "id": 868,
                "name": "0TCMQLimrW9ag9qa;WAITFOR DELAY '00:00:8'-- "
            }
        ],
        "status": "pending"
    },
    {
        "id": 572,
        "category": {
            "id": 422,
            "name": "e7WjrIUao6kR509V"
        },
        "name": "doggie",
        "photoUrls": [
            "P5H68QAxs7vBYpYz"
        ],
        "tags": [
            {
                "id": 710,
                "name": "9y6DQ6ZGXKPhbYA0';WAITFOR DELAY '00:00:8'-- "
            }
        ],
        "status": "pending"
    },
    {
        "id": 194,
        "category": {
            "id": 892,
            "name": "7I2cYofDGJ4raD10"
        },
        "name": "doggie",
        "photoUrls": [
            "bGO0sAkiuvyvnQ-V"
        ],
        "tags": [
            {
                "id": 833,
                "name": "lt_3LDz9vtgJxeKM';WAITFOR DELAY '00:00:2'-- "
            }
        ],
        "status": "pending"
    },
    {
        "id": 528,
        "category": {
            "id": 911,
            "name": "j1pBjdFG8sluKMm6"
        },
        "name": "doggie",
        "photoUrls": [
            "qDePz_O4DffXxYAn"
        ],
        "tags": [
            {
                "id": 375,
                "name": "BXIfFhA5kvJSUMr8));WAITFOR DELAY '00:00:2'-- "
            }
        ],
        "status": "pending"
    },
    {
        "id": 397,
        "category": {
            "id": 634,
            "name": "x6LkN0HFWwDPs1ji"
        },
        "name": "doggie",
        "photoUrls": [
            "llFCo4B_uLVtnuY_"
        ],
        "tags": [
            {
                "id": 638,
                "name": "EIAYkyjtC262ZLzO';WAITFOR DELAY '00:00:8'-- "
            }
        ],
        "status": "pending"
    },
    {
        "id": 264,
        "category": {
            "id": 290,
            "name": "JNBw9YC8MoXCwlso"
        },
        "name": "doggie",
        "photoUrls": [
            "2_lhdYGpKlpLZn0L"
        ],
        "tags": [
            {
                "id": 565,
                "name": "jzuDPwhs8C55IHEO');WAITFOR DELAY '00:00:8'-- "
            }
        ],
        "status": "pending"
    },
    {
        "id": 8,
        "category": {
            "id": 1006,
            "name": "eGwb_yDHBzHOwoLI"
        },
        "name": "doggie",
        "photoUrls": [
            "Rdr_Kdku-M9pOJxC"
        ],
        "tags": [
            {
                "id": 407,
                "name": "W6zGmJKRSrrS92HB') AND SLEEP(2)=0 LIMIT 1 -- "
            }
        ],
        "status": "pending"
    },
    {
        "id": 482,
        "category": {
            "id": 1021,
            "name": "D2CY7psnwLn0-LkP"
        },
        "name": "doggie",
        "photoUrls": [
            "aobe5J1AWZgfKcr8"
        ],
        "tags": [
            {
                "id": 955,
                "name": "9-8Ve5I_Usse5l1M& sleep 2"
            }
        ],
        "status": "pending"
    },
    {
        "id": 763,
        "category": {
            "id": 896,
            "name": "VfAGwjMQeoCMOlQg"
        },
        "name": "doggie",
        "photoUrls": [
            "wlgNvjBUhQ6ztAgy"
        ],
        "tags": [
            {
                "id": 540,
                "name": "SdMB6jrtXmTMobnI| sleep 4"
            }
        ],
        "status": "pending"
    },
    {
        "id": 428,
        "category": {
            "id": 379,
            "name": "XuE3karG0_32ozMx"
        },
        "name": "doggie",
        "photoUrls": [
            "NvJ4pcd_pCbjKNsV"
        ],
        "tags": [
            {
                "id": 313,
                "name": "eNqc5JUjVZB_Nlk7&& ping -n 4 localhost"
            }
        ],
        "status": "pending"
    },
    {
        "id": 268,
        "category": {
            "id": 173,
            "name": "g8aH0vnucKDw_4xX"
        },
        "name": "doggie",
        "photoUrls": [
            "EKVMHkIAkkz-lyr8"
        ],
        "tags": [
            {
                "id": 910,
                "name": "A6D0zzAFiiFUZzIx AND SLEEP(8)=0 LIMIT 1 # "
            }
        ],
        "status": "pending"
    },
    {
        "id": 520,
        "category": {
            "id": 1006,
            "name": "tXB5siJGSyNR41vM"
        },
        "name": "doggie",
        "photoUrls": [
            "ga12ZNdhsfenxSYE"
        ],
        "tags": [
            {
                "id": 978,
                "name": "yZTAS4djxl8qhRxv; ping -n 4 localhost"
            }
        ],
        "status": "pending"
    },
    {
        "id": 206,
        "category": {
            "id": 880,
            "name": "oJeNd0R38dh-E869"
        },
        "name": "doggie",
        "photoUrls": [
            "mw6bxuDobWtUQmRa"
        ],
        "tags": [
            {
                "id": 738,
                "name": "s3JCjhDr0w-_jqp8') AND SLEEP(8)=0 LIMIT 1 # "
            }
        ],
        "status": "pending"
    },
    {
        "id": 382,
        "category": {
            "id": 788,
            "name": "5DE6QhLDW6WZnXhA"
        },
        "name": "doggie",
        "photoUrls": [
            "QHxhm6MkvwI_f5aU"
        ],
        "tags": [
            {
                "id": 543,
                "name": "c3t7TGJARYkJzXxO=SLEEP(2)="
            }
        ],
        "status": "pending"
    },
    {
        "id": 381,
        "category": {
            "id": 376,
            "name": "ru3sKXU5LE-PSEC4"
        },
        "name": "doggie",
        "photoUrls": [
            "6QhhwGLfqs5xJT73"
        ],
        "tags": [
            {
                "id": 482,
                "name": "AB2bBXJHma_YkkLL=SLEEP(4)="
            }
        ],
        "status": "pending"
    },
    {
        "id": 967,
        "category": {
            "id": 634,
            "name": "1ypUh_FICggpFZ5b"
        },
        "name": "doggie",
        "photoUrls": [
            "NNYesN5-59sYbz3r"
        ],
        "tags": [
            {
                "id": 769,
                "name": "AG8rDPEbPi8Xddcs' WHERE SLEEP(2) LIMIT 1 # "
            }
        ],
        "status": "pending"
    },
    {
        "id": 639,
        "category": {
            "id": 202,
            "name": "E4irPpuCSU_WvNgp"
        },
        "name": "doggie",
        "photoUrls": [
            "Xf9JXGAYrusN0vzp"
        ],
        "tags": [
            {
                "id": 866,
                "name": "3RPIJ1rrUkZkePbd OR SLEEP(8)=0 LIMIT 1 # "
            }
        ],
        "status": "pending"
    },
    {
        "id": 169,
        "category": {
            "id": 913,
            "name": "2d3jrJQ6wGdiDiWG"
        },
        "name": "doggie",
        "photoUrls": [
            "NdB81C-mt1nBI5iQ"
        ],
        "tags": [
            {
                "id": 311,
                "name": "G7A8NhUrgJfPLFZs' OR SLEEP(2)=0 LIMIT 1 # "
            }
        ],
        "status": "pending"
    },
    {
        "id": 525,
        "category": {
            "id": 649,
            "name": "5dNucJrUB1TO320e"
        },
        "name": "doggie",
        "photoUrls": [
            "-z6Oop4J19oHlohf"
        ],
        "tags": [
            {
                "id": 1006,
                "name": "4y2WiMX6hwq4TfsL') OR SLEEP(8)=0 LIMIT 1 # "
            }
        ],
        "status": "pending"
    },
    {
        "id": 920,
        "category": {
            "id": 848,
            "name": "BudY0ORjHlOXbfp2"
        },
        "name": "doggie",
        "photoUrls": [
            "00r0Dv8asFqfjQiP"
        ],
        "tags": [
            {
                "id": 730,
                "name": "gWOMGY1n6xzJDLOH') OR SLEEP(8)=0 LIMIT 1 # "
            }
        ],
        "status": "pending"
    },
    {
        "id": 256,
        "category": {
            "id": 790,
            "name": "XRvShEEvDgtCIhmZ"
        },
        "name": "doggie",
        "photoUrls": [
            "nAsBL07DTXOKLLm6"
        ],
        "tags": [
            {
                "id": 802,
                "name": "nut74BkPc46FGnQs)) OR SLEEP(8)=0 LIMIT 1 # "
            }
        ],
        "status": "pending"
    },
    {
        "id": 258,
        "category": {
            "id": 368,
            "name": "XwHV-xVeFqA3o8uI"
        },
        "name": "doggie",
        "photoUrls": [
            "aKjyZZRW6EOWDpsT"
        ],
        "tags": [
            {
                "id": 1018,
                "name": "xdZVFHfrotpEvkp4');WAITFOR DELAY '00:00:8'-- "
            }
        ],
        "status": "pending"
    },
    {
        "id": 305,
        "category": {
            "id": 783,
            "name": "rYmq1Qknu3cOLxy8"
        },
        "name": "doggie",
        "photoUrls": [
            "YJdST8nMzUxCZELq"
        ],
        "tags": [
            {
                "id": 343,
                "name": "B03BYqpBXaUOzouu) AND SLEEP(2)=0 LIMIT 1 # "
            }
        ],
        "status": "pending"
    },
    {
        "id": 451,
        "category": {
            "id": 437,
            "name": "_pElo9Ja8A3BRH70"
        },
        "name": "doggie",
        "photoUrls": [
            "rK-fXNZsF_zpOnKY"
        ],
        "tags": [
            {
                "id": 850,
                "name": "-GMqc_WCA767nadw' AND SLEEP(2)=0 LIMIT 1 # "
            }
        ],
        "status": "pending"
    },
    {
        "id": 121,
        "category": {
            "id": 111,
            "name": "iRBuI0Zits7Zndzf"
        },
        "name": "doggie",
        "photoUrls": [
            "r1ThC21znmwjqg01"
        ],
        "tags": [
            {
                "id": 141,
                "name": "Einop1e-wl-4HhjV') AND SLEEP(2)=0 LIMIT 1 # "
            }
        ],
        "status": "pending"
    },
    {
        "id": 677,
        "category": {
            "id": 459,
            "name": "BHJ8V9wN3SgY377y"
        },
        "name": "doggie",
        "photoUrls": [
            "VN3ctQkDa_ljNF7e"
        ],
        "tags": [
            {
                "id": 778,
                "name": "pEH1LdBDqmPcoZh8' AND SLEEP(8)=0 LIMIT 1 # "
            }
        ],
        "status": "pending"
    },
    {
        "id": 908,
        "category": {
            "id": 298,
            "name": "nKV_GcaLBoNbYNXX"
        },
        "name": "doggie",
        "photoUrls": [
            "jlt5q_Iu5xU8cZfG"
        ],
        "tags": [
            {
                "id": 690,
                "name": "Nm1lW943AOh6_RiM OR SLEEP(2)=0 LIMIT 1 -- "
            }
        ],
        "status": "pending"
    },
    {
        "id": 812,
        "category": {
            "id": 509,
            "name": "Gmtv6-PWR6u6SlQi"
        },
        "name": "doggie",
        "photoUrls": [
            "5v-tCa8vUcrS_1Rn"
        ],
        "tags": [
            {
                "id": 462,
                "name": "G3yec60Yi81t6f7n OR SLEEP(4)=0 LIMIT 1 -- "
            }
        ],
        "status": "pending"
    },
    {
        "id": 570,
        "category": {
            "id": 347,
            "name": "2sg4oLgKAnWVu6u0"
        },
        "name": "doggie",
        "photoUrls": [
            "fhyBZS7enjUuPQsZ"
        ],
        "tags": [
            {
                "id": 11,
                "name": "JqTdc3q69nTfZzRr' OR SLEEP(2)=0 LIMIT 1 -- "
            }
        ],
        "status": "pending"
    },
    {
        "id": 87,
        "category": {
            "id": 266,
            "name": "Ynu3DasCJ7ujfXdW"
        },
        "name": "doggie",
        "photoUrls": [
            "BxJq8BpaQtXKTyUV"
        ],
        "tags": [
            {
                "id": 656,
                "name": "8UgAm6oUnoQReGbT' OR SLEEP(4)=0 LIMIT 1 -- "
            }
        ],
        "status": "pending"
    },
    {
        "id": 160,
        "category": {
            "id": 731,
            "name": "KUEoEkt3ehVHmA6v"
        },
        "name": "doggie",
        "photoUrls": [
            "buKDAfWvUNZRIVL4"
        ],
        "tags": [
            {
                "id": 1014,
                "name": "3N2YJyHC4A0LfdLZ"
            }
        ],
        "status": "pending"
    },
    {
        "id": 150,
        "category": {
            "id": 514,
            "name": "yezqNQt48seq7sSs"
        },
        "name": "doggie",
        "photoUrls": [
            "uvmSiFyJaFY9ieXP"
        ],
        "tags": [
            {
                "id": 11,
                "name": "4c-yGEXAhYg-ObFn)) OR SLEEP(2)=0 LIMIT 1 -- "
            }
        ],
        "status": "pending"
    },
    {
        "id": 37,
        "category": {
            "id": 56,
            "name": "QO51IA8keBSDTz4k"
        },
        "name": "doggie",
        "photoUrls": [
            "2BTeZbEiawSeHibe"
        ],
        "tags": [
            {
                "id": 239,
                "name": "0uHMYwKEEK6q5MXX') AND SLEEP(4)=0 LIMIT 1 -- "
            }
        ],
        "status": "pending"
    },
    {
        "id": 965,
        "category": {
            "id": 718,
            "name": "heejYBKs-VZjcS3C"
        },
        "name": "doggie",
        "photoUrls": [
            "2TlkmWhAsZ-htXX3"
        ],
        "tags": [
            {
                "id": 735,
                "name": "ZzNRyGpCiMfTf0aV') AND SLEEP(2)=0 LIMIT 1 -- "
            }
        ],
        "status": "pending"
    },
    {
        "id": 232,
        "category": {
            "id": 799,
            "name": "WTrKGoHoAT_RZTsk"
        },
        "name": "doggie",
        "photoUrls": [
            "RLJ13ab9S3tfkoc7"
        ],
        "tags": [
            {
                "id": 701,
                "name": "Sfr35bi2mTngP7oc)) AND SLEEP(2)=0 LIMIT 1 -- "
            }
        ],
        "status": "pending"
    },
    {
        "id": 85,
        "category": {
            "id": 660,
            "name": "TKzeY2uURQibSLYe"
        },
        "name": "doggie",
        "photoUrls": [
            "yP2mRAIDgBKMYxu1"
        ],
        "tags": [
            {
                "id": 750,
                "name": "jlBuC_MlgigcSMrk;select pg_sleep(2); -- "
            }
        ],
        "status": "pending"
    },
    {
        "id": 449,
        "category": {
            "id": 376,
            "name": "-8XDlZh1DaRt-mU9"
        },
        "name": "doggie",
        "photoUrls": [
            "3Rq0mTtJX1W-gthV"
        ],
        "tags": [
            {
                "id": 379,
                "name": "O-SJ5El-AXVMIqUS;select pg_sleep(8); -- "
            }
        ],
        "status": "pending"
    },
    {
        "id": 141,
        "category": {
            "id": 878,
            "name": "Xczk3OK-iAuPtCBt"
        },
        "name": "doggie",
        "photoUrls": [
            "VeacmvoVF4H_ok5-"
        ],
        "tags": [
            {
                "id": 320,
                "name": "DXCfPPiTZt_KP-_t));select pg_sleep(2); -- "
            }
        ],
        "status": "pending"
    },
    {
        "id": 233,
        "category": {
            "id": 143,
            "name": "FoB0zxpesNyF4Os9"
        },
        "name": "doggie",
        "photoUrls": [
            "0mdMht1ORVOnXum9"
        ],
        "tags": [
            {
                "id": 872,
                "name": "HLBJq4-3izNObDFF');select pg_sleep(2); -- "
            }
        ],
        "status": "pending"
    },
    {
        "id": 952,
        "category": {
            "id": 742,
            "name": "hN_CrWnOhtgakOQ-"
        },
        "name": "doggie",
        "photoUrls": [
            "XXofG68UAGy4O0bn"
        ],
        "tags": [
            {
                "id": 853,
                "name": "JXtdAuMOIZzVe6i6'));select pg_sleep(2); -- "
            }
        ],
        "status": "pending"
    },
    {
        "id": 76,
        "category": {
            "id": 239,
            "name": "xHc2F37ciH2Z-jgY"
        },
        "name": "doggie",
        "photoUrls": [
            "rBU5nP4nZiFRSJTz"
        ],
        "tags": [
            {
                "id": 561,
                "name": "RZqnakOT7ySmNJJB'));WAITFOR DELAY '00:00:4'-- "
            }
        ],
        "status": "pending"
    },
    {
        "id": 402,
        "category": {
            "id": 197,
            "name": "ORp1TARUoRZL_0-t"
        },
        "name": "doggie",
        "photoUrls": [
            "K6Jzz2ORlGEnJxJ1"
        ],
        "tags": [
            {
                "id": 340,
                "name": "o4-czo0sA4Akc8Ml'));WAITFOR DELAY '00:00:8'-- "
            }
        ],
        "status": "pending"
    },
    {
        "id": 249,
        "category": {
            "id": 922,
            "name": "Kg90nUM5cRF1cEsm"
        },
        "name": "doggie",
        "photoUrls": [
            "Layux7Q2vZlPaJvO"
        ],
        "tags": [
            {
                "id": 718,
                "name": "_CxXoJLefNhJF9tO--"
            }
        ],
        "status": "pending"
    },
    {
        "id": 498,
        "category": {
            "id": 895,
            "name": "5dLNb0yrgBsc1-OO"
        },
        "name": "doggie",
        "photoUrls": [
            "1FmA_ZTzXT_TVCOc"
        ],
        "tags": [
            {
                "id": 153,
                "name": "oHaa_K9OXangcrMI sleep 2"
            }
        ],
        "status": "pending"
    },
    {
        "id": 1008,
        "category": {
            "id": 448,
            "name": "B_Sm2nSt3YFaaOz0"
        },
        "name": "doggie",
        "photoUrls": [
            "Dps9K7bigklcbJSM"
        ],
        "tags": [
            {
                "id": 341,
                "name": "lpDctpduFCHdUy7D` ping -n 4 localhost`"
            }
        ],
        "status": "pending"
    },
    {
        "id": 435,
        "category": {
            "id": 761,
            "name": "f0zPHCQgLSOPSyNq"
        },
        "name": "doggie",
        "photoUrls": [
            "9ZZi798wKQCxn3Sz"
        ],
        "tags": [
            {
                "id": 557,
                "name": "Ki6GqBL0Dd4iDWDI ping -n 8 localhost"
            }
        ],
        "status": "pending"
    },
    {
        "id": 59,
        "category": {
            "id": 68,
            "name": "EVQAThbvT5bdWZmF"
        },
        "name": "doggie",
        "photoUrls": [
            "_cCFTXKZZhyyJ2uv"
        ],
        "tags": [
            {
                "id": 968,
                "name": "J6Re9ZLzrSotgx5s&& ping -n 8 localhost"
            }
        ],
        "status": "pending"
    },
    {
        "id": 317,
        "category": {
            "id": 901,
            "name": "cCIEBWUtexyXv2dH"
        },
        "name": "doggie",
        "photoUrls": [
            "2Rl_X5bvHFVyVOJ5"
        ],
        "tags": [
            {
                "id": 215,
                "name": "pwOUR3-Xw9ihMZP4| ping -n 8 localhost"
            }
        ],
        "status": "pending"
    },
    {
        "id": 666,
        "category": {
            "id": 6661,
            "name": "Teste nome atualiza pet id inválido"
        },
        "name": "Dona onça",
        "photoUrls": [
            "https://www.bing.com/images/search?view=detailV2&ccid=cZgoZkBL&id=2106753F0D52C4F54BBCE3BBA9FCC54F31234192&thid=OIP.cZgoZkBLLFTOBhw84VAjtwHaE6&mediaurl=https%3a%2f%2fpantanalexplorer.com.br%2fwp-content%2fuploads%2f2018%2f02%2fPantanal-Explorer-on%25C3%25A7a-01.jpg&exph=1860&expw=2800&q=on%c3%a7a&simid=608019952761179787&ck=CEEEEDB1AC166D86ACA7CF3B94319E10&selectedIndex=4"
        ],
        "tags": [
            {
                "id": 654,
                "name": "onça pardus"
            }
        ],
        "status": "pending"
    },
    {
        "id": 2,
        "category": {
            "id": 10,
            "name": "lagarto"
        },
        "name": "Juancho",
        "photoUrls": [
            "foto1",
            "foto2"
        ],
        "tags": [
            
        ],
        "status": "pending"
    },
    {
        "id": 55555,
        "category": {
            "id": 55555,
            "name": "felino"
        },
        "name": "Martini",
        "photoUrls": [
            "http://fotosdegato.com.br/martini.png"
        ],
        "tags": [
            {
                "id": 55555,
                "name": "AngorÃ¡"
            }
        ],
        "status": "pending"
    },
    {
        "id": 66666,
        "category": {
            "id": 66666,
            "name": "felino"
        },
        "name": "Ramona",
        "photoUrls": [
            "http://fotosdegato.com.br/ramona.png"
        ],
        "tags": [
            {
                "id": 66666,
                "name": "SiamÃªs"
            }
        ],
        "status": "pending"
    },
    {
        "id": 88888,
        "category": {
            "id": 77777,
            "name": "felino atualizado"
        },
        "name": "Teló atualizado",
        "photoUrls": [
            "http://fotodegato.com/telo_atualizado"
        ],
        "tags": [
            {
                "id": 77777,
                "name": "persa atualizado"
            }
        ],
        "status": "pending"
    }
]
]]></system-out>
  </testcase>
  <testcase name="adicionarNovoPetComSucesso" classname="treinamentorestassured.TestesCompletos" time="0.366"/>
  <testcase name="verificaSeArrayDeTagsTemMaisDeZeroItens" classname="treinamentorestassured.TestesCompletos" time="0.325"/>
  <testcase name="verificaSeArrayPhotoUrlNaoEVazio" classname="treinamentorestassured.TestesCompletos" time="0.373"/>
  <testcase name="verificaSeArrayPhotoUrlTemMenosDeTresItens" classname="treinamentorestassured.TestesCompletos" time="0.352"/>
  <testcase name="verificaSeContemArrayDeTagsContemObjetoCujoValorParaNameEIgualAmarelo" classname="treinamentorestassured.TestesCompletos" time="0.36"/>
  <testcase name="verificaSeContemArrayDeTagsTemTamanhoIgualA2" classname="treinamentorestassured.TestesCompletos" time="0.35"/>
  <testcase name="verificaSeContemChaveStatus" classname="treinamentorestassured.TestesCompletos" time="0.332"/>
  <testcase name="verificaSeIdNaoEVazio" classname="treinamentorestassured.TestesCompletos" time="0.352"/>
</testsuite>